<?xml version="1.0" encoding="utf-8"?>
<CoverageSession xmlns:xsd="http://www.w3.org/2001/XMLSchema" xmlns:xsi="http://www.w3.org/2001/XMLSchema-instance">
  <Summary numSequencePoints="213" visitedSequencePoints="80" numBranchPoints="104" visitedBranchPoints="27" sequenceCoverage="37.56" branchCoverage="25.96" maxCyclomaticComplexity="6" minCyclomaticComplexity="1" />
  <Modules>
    <Module skippedDueTo="Filter" hash="8E-E0-99-57-5F-F7-A4-02-65-0C-A5-EE-EE-E0-FE-C3-21-02-44-92">
      <FullName>C:\Windows\assembly\GAC_32\mscorlib\2.0.0.0__b77a5c561934e089\mscorlib.dll</FullName>
      <ModuleName>mscorlib</ModuleName>
      <Classes />
    </Module>
    <Module skippedDueTo="Filter" hash="F9-04-A8-31-CD-FB-23-72-95-63-5D-14-9A-A0-66-8E-7F-44-93-7A">
      <FullName>C:\Windows\assembly\GAC_32\mscorlib\2.0.0.0__b77a5c561934e089\sorttbls.nlp</FullName>
      <ModuleName>mscorlib</ModuleName>
      <Classes />
    </Module>
    <Module skippedDueTo="Filter" hash="6E-30-2E-50-36-FB-60-2C-8E-50-C0-83-54-8B-CC-EA-A8-91-B6-CC">
      <FullName>C:\Windows\assembly\GAC_32\mscorlib\2.0.0.0__b77a5c561934e089\sortkey.nlp</FullName>
      <ModuleName>mscorlib</ModuleName>
      <Classes />
    </Module>
    <Module skippedDueTo="Filter" hash="D9-51-D2-3D-8C-16-B3-35-50-E2-97-23-20-65-AF-AE-3E-3C-3D-FC">
      <FullName>C:\Projects\GitHub\Artportalen\packages\NUnit.Runners.2.6.4\tools\nunit-console-x86.exe</FullName>
      <ModuleName>nunit-console-x86</ModuleName>
      <Classes />
    </Module>
    <Module skippedDueTo="Filter" hash="F2-ED-FF-09-01-C9-D7-BC-29-AC-A6-93-C5-97-8A-0D-43-DD-8D-F2">
      <FullName>C:\Projects\GitHub\Artportalen\packages\NUnit.Runners.2.6.4\tools\lib\nunit-console-runner.dll</FullName>
      <ModuleName>nunit-console-runner</ModuleName>
      <Classes />
    </Module>
    <Module skippedDueTo="Filter" hash="36-B9-FF-C0-07-EA-59-4D-23-2E-FD-CD-5A-45-CF-C0-2C-42-2A-98">
      <FullName>C:\Projects\GitHub\Artportalen\packages\NUnit.Runners.2.6.4\tools\lib\nunit.core.dll</FullName>
      <ModuleName>nunit.core</ModuleName>
      <Classes />
    </Module>
    <Module skippedDueTo="Filter" hash="14-C3-4B-3E-39-7A-EE-C0-B9-2F-83-44-2F-04-8A-F7-48-7B-67-DE">
      <FullName>C:\Projects\GitHub\Artportalen\packages\NUnit.Runners.2.6.4\tools\lib\nunit.util.dll</FullName>
      <ModuleName>nunit.util</ModuleName>
      <Classes />
    </Module>
    <Module skippedDueTo="Filter" hash="5E-95-A6-AD-88-48-98-B1-62-7F-4E-5A-C1-0E-F3-B7-85-56-44-E8">
      <FullName>C:\Projects\GitHub\Artportalen\packages\NUnit.Runners.2.6.4\tools\lib\nunit.core.interfaces.dll</FullName>
      <ModuleName>nunit.core.interfaces</ModuleName>
      <Classes />
    </Module>
    <Module skippedDueTo="Filter" hash="55-BA-A4-A1-F6-E9-77-45-55-59-ED-C2-F7-90-65-6A-E2-0A-F0-D1">
      <FullName>C:\Windows\assembly\GAC_MSIL\System.Configuration\2.0.0.0__b03f5f7f11d50a3a\System.Configuration.dll</FullName>
      <ModuleName>System.Configuration</ModuleName>
      <Classes />
    </Module>
    <Module skippedDueTo="Filter" hash="5B-58-14-72-A0-28-85-4B-B5-A1-BA-11-BB-9D-9D-05-65-A3-5E-54">
      <FullName>C:\Windows\assembly\GAC_MSIL\System\2.0.0.0__b77a5c561934e089\System.dll</FullName>
      <ModuleName>System</ModuleName>
      <Classes />
    </Module>
    <Module skippedDueTo="Filter" hash="06-27-0C-FC-C3-23-F5-AA-2C-D5-FE-4B-08-2E-CE-01-09-7B-2F-D1">
      <FullName>C:\Windows\assembly\GAC_MSIL\System.Xml\2.0.0.0__b77a5c561934e089\System.Xml.dll</FullName>
      <ModuleName>System.Xml</ModuleName>
      <Classes />
    </Module>
    <Module skippedDueTo="Filter" hash="CB-29-2C-91-2E-AE-28-D8-A5-84-C7-B9-DB-F2-0B-51-CC-CD-72-80">
      <FullName>C:\Windows\assembly\GAC_MSIL\System.Runtime.Remoting\2.0.0.0__b77a5c561934e089\System.Runtime.Remoting.dll</FullName>
      <ModuleName>System.Runtime.Remoting</ModuleName>
      <Classes />
    </Module>
    <Module skippedDueTo="Filter" hash="97-C6-7C-EA-E5-E8-93-18-0F-88-E9-64-A7-60-DA-9C-D6-9E-45-21">
      <FullName>C:\Windows\Microsoft.Net\assembly\GAC_32\mscorlib\v4.0_4.0.0.0__b77a5c561934e089\mscorlib.dll</FullName>
      <ModuleName>mscorlib</ModuleName>
      <Classes />
    </Module>
    <Module skippedDueTo="Filter" hash="29-BC-32-15-21-E8-F9-6D-87-31-AF-AD-0B-21-31-A6-BB-2F-E4-00">
      <FullName>C:\Projects\GitHub\Artportalen\packages\NUnit.Runners.2.6.4\tools\nunit-agent-x86.exe</FullName>
      <ModuleName>nunit-agent-x86</ModuleName>
      <Classes />
    </Module>
    <Module skippedDueTo="Filter" hash="36-B9-FF-C0-07-EA-59-4D-23-2E-FD-CD-5A-45-CF-C0-2C-42-2A-98">
      <FullName>C:\Projects\GitHub\Artportalen\packages\NUnit.Runners.2.6.4\tools\lib\nunit.core.dll</FullName>
      <ModuleName>nunit.core</ModuleName>
      <Classes />
    </Module>
    <Module skippedDueTo="Filter" hash="14-C3-4B-3E-39-7A-EE-C0-B9-2F-83-44-2F-04-8A-F7-48-7B-67-DE">
      <FullName>C:\Projects\GitHub\Artportalen\packages\NUnit.Runners.2.6.4\tools\lib\nunit.util.dll</FullName>
      <ModuleName>nunit.util</ModuleName>
      <Classes />
    </Module>
    <Module skippedDueTo="Filter" hash="5E-95-A6-AD-88-48-98-B1-62-7F-4E-5A-C1-0E-F3-B7-85-56-44-E8">
      <FullName>C:\Projects\GitHub\Artportalen\packages\NUnit.Runners.2.6.4\tools\lib\nunit.core.interfaces.dll</FullName>
      <ModuleName>nunit.core.interfaces</ModuleName>
      <Classes />
    </Module>
    <Module skippedDueTo="Filter" hash="04-DF-13-16-0B-F4-57-A9-D9-9C-5A-63-DC-51-CD-BF-FD-3A-AF-DA">
      <FullName>C:\Windows\Microsoft.Net\assembly\GAC_MSIL\System\v4.0_4.0.0.0__b77a5c561934e089\System.dll</FullName>
      <ModuleName>System</ModuleName>
      <Classes />
    </Module>
    <Module skippedDueTo="Filter" hash="ED-BE-5C-45-66-32-AB-2E-1E-B4-6F-0D-47-35-C3-3C-95-AA-09-B3">
      <FullName>C:\Windows\Microsoft.Net\assembly\GAC_MSIL\System.Runtime.Remoting\v4.0_4.0.0.0__b77a5c561934e089\System.Runtime.Remoting.dll</FullName>
      <ModuleName>System.Runtime.Remoting</ModuleName>
      <Classes />
    </Module>
    <Module skippedDueTo="Filter" hash="3B-FD-DC-EB-D9-C6-34-64-C7-D5-6A-D1-A0-04-93-80-2B-B0-C7-73">
      <FullName>C:\Windows\Microsoft.Net\assembly\GAC_MSIL\System.Configuration\v4.0_4.0.0.0__b03f5f7f11d50a3a\System.Configuration.dll</FullName>
      <ModuleName>System.Configuration</ModuleName>
      <Classes />
    </Module>
    <Module skippedDueTo="Filter" hash="2C-B8-8B-0E-27-14-38-8E-71-A5-1D-A0-EE-33-D9-22-5F-A4-AF-79">
      <FullName>C:\Windows\Microsoft.Net\assembly\GAC_MSIL\System.Xml\v4.0_4.0.0.0__b77a5c561934e089\System.Xml.dll</FullName>
      <ModuleName>System.Xml</ModuleName>
      <Classes />
    </Module>
    <Module skippedDueTo="Filter" hash="95-50-78-76-0C-97-0A-A6-96-E2-68-E8-BD-4F-78-F1-1C-21-CA-10">
      <FullName>C:\Windows\Microsoft.Net\assembly\GAC_32\System.Web\v4.0_4.0.0.0__b03f5f7f11d50a3a\System.Web.dll</FullName>
      <ModuleName>System.Web</ModuleName>
      <Classes />
    </Module>
    <Module skippedDueTo="Filter" hash="58-D0-83-4C-D9-87-C1-8B-A0-90-0E-BD-10-53-C4-9D-F1-DD-FD-C4">
      <FullName>C:\Windows\assembly\GAC_32\System.Web\2.0.0.0__b03f5f7f11d50a3a\System.Web.dll</FullName>
      <ModuleName>System.Web</ModuleName>
      <Classes />
    </Module>
    <Module skippedDueTo="Filter" hash="36-B9-FF-C0-07-EA-59-4D-23-2E-FD-CD-5A-45-CF-C0-2C-42-2A-98">
      <FullName>C:\Projects\GitHub\Artportalen\packages\NUnit.Runners.2.6.4\tools\lib\nunit.core.dll</FullName>
      <ModuleName>nunit.core</ModuleName>
      <Classes />
    </Module>
    <Module skippedDueTo="Filter" hash="04-DF-13-16-0B-F4-57-A9-D9-9C-5A-63-DC-51-CD-BF-FD-3A-AF-DA">
      <FullName>C:\Windows\Microsoft.Net\assembly\GAC_MSIL\System\v4.0_4.0.0.0__b77a5c561934e089\System.dll</FullName>
      <ModuleName>System</ModuleName>
      <Classes />
    </Module>
    <Module skippedDueTo="Filter" hash="53-25-23-C6-63-70-35-C6-0C-82-04-1A-0A-BF-1A-E7-1F-EA-74-A3">
      <FullName>C:\Projects\GitHub\Artportalen\packages\NUnit.Runners.2.6.4\tools\pnunit.framework.dll</FullName>
      <ModuleName>pnunit.framework</ModuleName>
      <Classes />
    </Module>
    <Module skippedDueTo="Filter" hash="21-69-E9-47-C6-F8-02-12-31-E6-18-DE-8E-43-24-C9-AB-F7-C2-BE">
      <FullName>C:\Projects\GitHub\Artportalen\packages\NUnit.Runners.2.6.4\tools\pnunit-agent.exe</FullName>
      <ModuleName>pnunit-agent</ModuleName>
      <Classes />
    </Module>
    <Module skippedDueTo="Filter" hash="5E-95-A6-AD-88-48-98-B1-62-7F-4E-5A-C1-0E-F3-B7-85-56-44-E8">
      <FullName>C:\Projects\GitHub\Artportalen\packages\NUnit.Runners.2.6.4\tools\lib\nunit.core.interfaces.dll</FullName>
      <ModuleName>nunit.core.interfaces</ModuleName>
      <Classes />
    </Module>
    <Module skippedDueTo="Filter" hash="53-E7-E0-D7-D4-92-3D-A2-0F-0C-DA-46-8A-A2-19-24-F7-F6-18-AF">
      <FullName>C:\Projects\GitHub\Artportalen\Artportalen.Tests\bin\Debug\Artportalen.Tests.dll</FullName>
      <ModuleName>Artportalen.Tests</ModuleName>
      <Classes />
    </Module>
    <Module skippedDueTo="Filter" hash="90-59-82-3F-8A-96-AE-65-39-C7-99-20-CF-66-3C-DB-5F-F7-C9-9F">
      <FullName>C:\Windows\Microsoft.Net\assembly\GAC_MSIL\System.Net.Http\v4.0_4.0.0.0__b03f5f7f11d50a3a\System.Net.Http.dll</FullName>
      <ModuleName>System.Net.Http</ModuleName>
      <Classes />
    </Module>
    <Module skippedDueTo="Filter" hash="A2-D0-DB-C9-20-FB-37-90-D4-D6-25-E5-C4-7B-E0-42-CA-32-C0-51">
      <FullName>C:\Projects\GitHub\Artportalen\Artportalen.Tests\bin\Debug\nunit.framework.dll</FullName>
      <ModuleName>nunit.framework</ModuleName>
      <Classes />
    </Module>
    <Module skippedDueTo="Filter" hash="F2-ED-FF-09-01-C9-D7-BC-29-AC-A6-93-C5-97-8A-0D-43-DD-8D-F2">
      <FullName>C:\Projects\GitHub\Artportalen\packages\NUnit.Runners.2.6.4\tools\lib\nunit-console-runner.dll</FullName>
      <ModuleName>nunit-console-runner</ModuleName>
      <Classes />
    </Module>
    <Module skippedDueTo="Filter" hash="ED-BE-5C-45-66-32-AB-2E-1E-B4-6F-0D-47-35-C3-3C-95-AA-09-B3">
      <FullName>C:\Windows\Microsoft.Net\assembly\GAC_MSIL\System.Runtime.Remoting\v4.0_4.0.0.0__b77a5c561934e089\System.Runtime.Remoting.dll</FullName>
      <ModuleName>System.Runtime.Remoting</ModuleName>
      <Classes />
    </Module>
    <Module skippedDueTo="Filter" hash="3B-FD-DC-EB-D9-C6-34-64-C7-D5-6A-D1-A0-04-93-80-2B-B0-C7-73">
      <FullName>C:\Windows\Microsoft.Net\assembly\GAC_MSIL\System.Configuration\v4.0_4.0.0.0__b03f5f7f11d50a3a\System.Configuration.dll</FullName>
      <ModuleName>System.Configuration</ModuleName>
      <Classes />
    </Module>
    <Module skippedDueTo="Filter" hash="2C-B8-8B-0E-27-14-38-8E-71-A5-1D-A0-EE-33-D9-22-5F-A4-AF-79">
      <FullName>C:\Windows\Microsoft.Net\assembly\GAC_MSIL\System.Xml\v4.0_4.0.0.0__b77a5c561934e089\System.Xml.dll</FullName>
      <ModuleName>System.Xml</ModuleName>
      <Classes />
    </Module>
    <Module hash="88-87-58-9C-02-62-BC-6A-5F-A6-A8-9E-D1-AA-8E-47-F2-F6-10-2C">
      <Summary numSequencePoints="213" visitedSequencePoints="80" numBranchPoints="104" visitedBranchPoints="27" sequenceCoverage="37.56" branchCoverage="25.96" maxCyclomaticComplexity="6" minCyclomaticComplexity="1" />
      <FullName>C:\Projects\GitHub\Artportalen\Artportalen.Tests\bin\Debug\Artportalen.dll</FullName>
      <ModuleName>Artportalen</ModuleName>
      <Files>
        <File uid="1" fullPath="c:\Projects\GitHub\Artportalen\Artportalen\Ap2AuthManager.cs" />
        <File uid="2" fullPath="c:\Projects\GitHub\Artportalen\Artportalen\Ap2Client.cs" />
        <File uid="4" fullPath="c:\Projects\GitHub\Artportalen\Artportalen\Helpers\CacheAuthTokenRepository.cs" />
        <File uid="5" fullPath="c:\Projects\GitHub\Artportalen\Artportalen\Response\AuthorizeToken.cs" />
        <File uid="6" fullPath="c:\Projects\GitHub\Artportalen\Artportalen\Response\ResponseWrapper.cs" />
      </Files>
      <Classes>
        <Class>
          <Summary numSequencePoints="0" visitedSequencePoints="0" numBranchPoints="0" visitedBranchPoints="0" sequenceCoverage="0" branchCoverage="0" maxCyclomaticComplexity="0" minCyclomaticComplexity="0" />
          <FullName>&lt;Module&gt;</FullName>
          <Methods />
        </Class>
        <Class>
          <Summary numSequencePoints="22" visitedSequencePoints="0" numBranchPoints="6" visitedBranchPoints="0" sequenceCoverage="0" branchCoverage="0" maxCyclomaticComplexity="2" minCyclomaticComplexity="1" />
          <FullName>Artportalen.Ap2AuthManager</FullName>
          <Methods>
            <Method visited="false" cyclomaticComplexity="1" sequenceCoverage="0" branchCoverage="0" isConstructor="true" isStatic="false" isGetter="false" isSetter="false">
              <Summary numSequencePoints="3" visitedSequencePoints="0" numBranchPoints="1" visitedBranchPoints="0" sequenceCoverage="0" branchCoverage="0" maxCyclomaticComplexity="1" minCyclomaticComplexity="1" />
              <MetadataToken>100663297</MetadataToken>
              <Name>System.Void Artportalen.Ap2AuthManager::.ctor(System.String,System.String,Artportalen.Ap2Client,Artportalen.Helpers.IAuthTokenRepository)</Name>
              <FileRef uid="1" />
              <SequencePoints>
                <SequencePoint vc="0" uspid="1" ordinal="0" offset="0" sl="19" sc="9" el="20" ec="145" bec="0" bev="0" fileid="1" />
                <SequencePoint vc="0" uspid="2" ordinal="1" offset="37" sl="21" sc="9" el="21" ec="10" bec="0" bev="0" fileid="1" />
                <SequencePoint vc="0" uspid="3" ordinal="2" offset="38" sl="22" sc="9" el="22" ec="10" bec="0" bev="0" fileid="1" />
              </SequencePoints>
              <BranchPoints />
              <MethodPoint xsi:type="SequencePoint" vc="0" uspid="1" ordinal="0" offset="0" sl="19" sc="9" el="20" ec="145" bec="0" bev="0" fileid="1" />
            </Method>
            <Method visited="false" cyclomaticComplexity="1" sequenceCoverage="0" branchCoverage="0" isConstructor="true" isStatic="false" isGetter="false" isSetter="false">
              <Summary numSequencePoints="7" visitedSequencePoints="0" numBranchPoints="1" visitedBranchPoints="0" sequenceCoverage="0" branchCoverage="0" maxCyclomaticComplexity="1" minCyclomaticComplexity="1" />
              <MetadataToken>100663298</MetadataToken>
              <Name>System.Void Artportalen.Ap2AuthManager::.ctor(System.String,Artportalen.Ap2Client,Artportalen.Helpers.IAuthTokenRepository)</Name>
              <FileRef uid="1" />
              <SequencePoints>
                <SequencePoint vc="0" uspid="4" ordinal="0" offset="0" sl="24" sc="9" el="24" ec="116" bec="0" bev="0" fileid="1" />
                <SequencePoint vc="0" uspid="5" ordinal="1" offset="7" sl="25" sc="9" el="25" ec="10" bec="0" bev="0" fileid="1" />
                <SequencePoint vc="0" uspid="6" ordinal="2" offset="8" sl="26" sc="13" el="26" ec="50" bec="0" bev="0" fileid="1" />
                <SequencePoint vc="0" uspid="7" ordinal="3" offset="15" sl="27" sc="13" el="27" ec="95" bec="0" bev="0" fileid="1" />
                <SequencePoint vc="0" uspid="8" ordinal="4" offset="37" sl="28" sc="13" el="28" ec="40" bec="0" bev="0" fileid="1" />
                <SequencePoint vc="0" uspid="9" ordinal="5" offset="44" sl="29" sc="13" el="29" ec="60" bec="0" bev="0" fileid="1" />
                <SequencePoint vc="0" uspid="10" ordinal="6" offset="51" sl="30" sc="9" el="30" ec="10" bec="0" bev="0" fileid="1" />
              </SequencePoints>
              <BranchPoints />
              <MethodPoint xsi:type="SequencePoint" vc="0" uspid="4" ordinal="0" offset="0" sl="24" sc="9" el="24" ec="116" bec="0" bev="0" fileid="1" />
            </Method>
            <Method visited="false" cyclomaticComplexity="2" sequenceCoverage="0" branchCoverage="0" isConstructor="false" isStatic="false" isGetter="false" isSetter="false">
              <Summary numSequencePoints="7" visitedSequencePoints="0" numBranchPoints="3" visitedBranchPoints="0" sequenceCoverage="0" branchCoverage="0" maxCyclomaticComplexity="2" minCyclomaticComplexity="2" />
              <MetadataToken>100663299</MetadataToken>
              <Name>Artportalen.Response.AuthorizeToken Artportalen.Ap2AuthManager::GetValidToken()</Name>
              <FileRef uid="1" />
              <SequencePoints>
                <SequencePoint vc="0" uspid="11" ordinal="0" offset="0" sl="33" sc="9" el="33" ec="10" bec="0" bev="0" fileid="1" />
                <SequencePoint vc="0" uspid="12" ordinal="1" offset="1" sl="34" sc="13" el="34" ec="73" bec="0" bev="0" fileid="1" />
                <SequencePoint vc="0" uspid="13" ordinal="2" offset="19" sl="35" sc="13" el="35" ec="35" bec="2" bev="0" fileid="1" />
                <SequencePoint vc="0" uspid="14" ordinal="3" offset="32" sl="36" sc="13" el="36" ec="14" bec="0" bev="0" fileid="1" />
                <SequencePoint vc="0" uspid="15" ordinal="4" offset="33" sl="37" sc="17" el="37" ec="34" bec="0" bev="0" fileid="1" />
                <SequencePoint vc="0" uspid="16" ordinal="5" offset="37" sl="40" sc="13" el="40" ec="39" bec="0" bev="0" fileid="1" />
                <SequencePoint vc="0" uspid="17" ordinal="6" offset="46" sl="41" sc="9" el="41" ec="10" bec="0" bev="0" fileid="1" />
              </SequencePoints>
              <BranchPoints>
                <BranchPoint vc="0" uspid="18" ordinal="0" offset="30" sl="35" path="0" offsetend="32" fileid="1" />
                <BranchPoint vc="0" uspid="19" ordinal="1" offset="30" sl="35" path="1" offsetend="37" fileid="1" />
              </BranchPoints>
              <MethodPoint xsi:type="SequencePoint" vc="0" uspid="11" ordinal="0" offset="0" sl="33" sc="9" el="33" ec="10" bec="0" bev="0" fileid="1" />
            </Method>
            <Method visited="false" cyclomaticComplexity="1" sequenceCoverage="0" branchCoverage="0" isConstructor="false" isStatic="false" isGetter="false" isSetter="false">
              <Summary numSequencePoints="5" visitedSequencePoints="0" numBranchPoints="1" visitedBranchPoints="0" sequenceCoverage="0" branchCoverage="0" maxCyclomaticComplexity="1" minCyclomaticComplexity="1" />
              <MetadataToken>100663300</MetadataToken>
              <Name>Artportalen.Response.AuthorizeToken Artportalen.Ap2AuthManager::GetNewToken()</Name>
              <FileRef uid="1" />
              <SequencePoints>
                <SequencePoint vc="0" uspid="20" ordinal="0" offset="0" sl="44" sc="9" el="44" ec="10" bec="0" bev="0" fileid="1" />
                <SequencePoint vc="0" uspid="21" ordinal="1" offset="1" sl="45" sc="13" el="45" ec="75" bec="0" bev="0" fileid="1" />
                <SequencePoint vc="0" uspid="22" ordinal="2" offset="19" sl="46" sc="13" el="46" ec="69" bec="0" bev="0" fileid="1" />
                <SequencePoint vc="0" uspid="23" ordinal="3" offset="38" sl="48" sc="13" el="48" ec="30" bec="0" bev="0" fileid="1" />
                <SequencePoint vc="0" uspid="24" ordinal="4" offset="42" sl="49" sc="9" el="49" ec="10" bec="0" bev="0" fileid="1" />
              </SequencePoints>
              <BranchPoints />
              <MethodPoint xsi:type="SequencePoint" vc="0" uspid="20" ordinal="0" offset="0" sl="44" sc="9" el="44" ec="10" bec="0" bev="0" fileid="1" />
            </Method>
          </Methods>
        </Class>
        <Class>
          <Summary numSequencePoints="150" visitedSequencePoints="54" numBranchPoints="77" visitedBranchPoints="15" sequenceCoverage="36" branchCoverage="19.48" maxCyclomaticComplexity="6" minCyclomaticComplexity="1" />
          <FullName>Artportalen.Ap2Client</FullName>
          <Methods>
            <Method visited="true" cyclomaticComplexity="1" sequenceCoverage="0" branchCoverage="0" isConstructor="false" isStatic="false" isGetter="true" isSetter="false">
              <Summary numSequencePoints="0" visitedSequencePoints="0" numBranchPoints="0" visitedBranchPoints="0" sequenceCoverage="0" branchCoverage="0" maxCyclomaticComplexity="1" minCyclomaticComplexity="1" />
              <MetadataToken>100663302</MetadataToken>
              <Name>System.String Artportalen.Ap2Client::get_AccessKey()</Name>
              <SequencePoints />
              <BranchPoints />
              <MethodPoint vc="20" uspid="25" ordinal="0" offset="0" />
            </Method>
            <Method visited="true" cyclomaticComplexity="1" sequenceCoverage="0" branchCoverage="0" isConstructor="false" isStatic="false" isGetter="false" isSetter="true">
              <Summary numSequencePoints="0" visitedSequencePoints="0" numBranchPoints="0" visitedBranchPoints="0" sequenceCoverage="0" branchCoverage="0" maxCyclomaticComplexity="1" minCyclomaticComplexity="1" />
              <MetadataToken>100663303</MetadataToken>
              <Name>System.Void Artportalen.Ap2Client::set_AccessKey(System.String)</Name>
              <SequencePoints />
              <BranchPoints />
              <MethodPoint vc="10" uspid="26" ordinal="0" offset="0" />
            </Method>
            <Method visited="true" cyclomaticComplexity="1" sequenceCoverage="100" branchCoverage="100" isConstructor="true" isStatic="false" isGetter="false" isSetter="false">
              <Summary numSequencePoints="5" visitedSequencePoints="5" numBranchPoints="1" visitedBranchPoints="1" sequenceCoverage="100" branchCoverage="100" maxCyclomaticComplexity="1" minCyclomaticComplexity="1" />
              <MetadataToken>100663301</MetadataToken>
              <Name>System.Void Artportalen.Ap2Client::.ctor(System.String,System.Net.Http.HttpMessageHandler)</Name>
              <FileRef uid="2" />
              <SequencePoints>
                <SequencePoint vc="10" uspid="27" ordinal="0" offset="0" sl="26" sc="9" el="26" ec="89" bec="0" bev="0" fileid="2" />
                <SequencePoint vc="10" uspid="28" ordinal="1" offset="7" sl="27" sc="9" el="27" ec="10" bec="0" bev="0" fileid="2" />
                <SequencePoint vc="10" uspid="29" ordinal="2" offset="8" sl="28" sc="13" el="28" ec="40" bec="0" bev="0" fileid="2" />
                <SequencePoint vc="10" uspid="30" ordinal="3" offset="16" sl="29" sc="13" el="29" ec="69" bec="0" bev="0" fileid="2" />
                <SequencePoint vc="10" uspid="31" ordinal="4" offset="29" sl="30" sc="9" el="30" ec="10" bec="0" bev="0" fileid="2" />
              </SequencePoints>
              <BranchPoints />
              <MethodPoint xsi:type="SequencePoint" vc="10" uspid="27" ordinal="0" offset="0" sl="26" sc="9" el="26" ec="89" bec="0" bev="0" fileid="2" />
            </Method>
            <Method visited="false" cyclomaticComplexity="1" sequenceCoverage="0" branchCoverage="0" isConstructor="false" isStatic="false" isGetter="false" isSetter="false">
              <Summary numSequencePoints="5" visitedSequencePoints="0" numBranchPoints="1" visitedBranchPoints="0" sequenceCoverage="0" branchCoverage="0" maxCyclomaticComplexity="1" minCyclomaticComplexity="1" />
              <MetadataToken>100663304</MetadataToken>
              <Name>Artportalen.Response.Accuracy[] Artportalen.Ap2Client::Accuracies()</Name>
              <FileRef uid="2" />
              <SequencePoints>
                <SequencePoint vc="0" uspid="32" ordinal="0" offset="0" sl="35" sc="9" el="35" ec="10" bec="0" bev="0" fileid="2" />
                <SequencePoint vc="0" uspid="33" ordinal="1" offset="1" sl="36" sc="13" el="36" ec="85" bec="0" bev="0" fileid="2" />
                <SequencePoint vc="0" uspid="34" ordinal="2" offset="17" sl="38" sc="13" el="38" ec="68" bec="0" bev="0" fileid="2" />
                <SequencePoint vc="0" uspid="35" ordinal="3" offset="30" sl="40" sc="13" el="40" ec="29" bec="0" bev="0" fileid="2" />
                <SequencePoint vc="0" uspid="36" ordinal="4" offset="34" sl="41" sc="9" el="41" ec="10" bec="0" bev="0" fileid="2" />
              </SequencePoints>
              <BranchPoints />
              <MethodPoint xsi:type="SequencePoint" vc="0" uspid="32" ordinal="0" offset="0" sl="35" sc="9" el="35" ec="10" bec="0" bev="0" fileid="2" />
            </Method>
            <Method visited="false" cyclomaticComplexity="4" sequenceCoverage="0" branchCoverage="0" isConstructor="false" isStatic="false" isGetter="false" isSetter="false">
              <Summary numSequencePoints="6" visitedSequencePoints="0" numBranchPoints="5" visitedBranchPoints="0" sequenceCoverage="0" branchCoverage="0" maxCyclomaticComplexity="4" minCyclomaticComplexity="4" />
              <MetadataToken>100663305</MetadataToken>
              <Name>Artportalen.Response.Activity[] Artportalen.Ap2Client::Activities(System.Nullable`1&lt;System.Int32&gt;)</Name>
              <FileRef uid="2" />
              <SequencePoints>
                <SequencePoint vc="0" uspid="37" ordinal="0" offset="0" sl="44" sc="9" el="44" ec="10" bec="0" bev="0" fileid="2" />
                <SequencePoint vc="0" uspid="38" ordinal="1" offset="1" sl="45" sc="13" el="47" ec="47" bec="2" bev="0" fileid="2" />
                <SequencePoint vc="0" uspid="39" ordinal="2" offset="35" sl="49" sc="13" el="49" ec="71" bec="0" bev="0" fileid="2" />
                <SequencePoint vc="0" uspid="40" ordinal="3" offset="47" sl="51" sc="13" el="51" ec="82" bec="0" bev="0" fileid="2" />
                <SequencePoint vc="0" uspid="41" ordinal="4" offset="60" sl="53" sc="13" el="53" ec="71" bec="2" bev="0" fileid="2" />
                <SequencePoint vc="0" uspid="42" ordinal="5" offset="81" sl="54" sc="9" el="54" ec="10" bec="0" bev="0" fileid="2" />
              </SequencePoints>
              <BranchPoints>
                <BranchPoint vc="0" uspid="43" ordinal="0" offset="8" sl="45" path="0" offsetend="10" fileid="2" />
                <BranchPoint vc="0" uspid="44" ordinal="1" offset="8" sl="45" path="1" offsetend="17" fileid="2" />
                <BranchPoint vc="0" uspid="45" ordinal="2" offset="61" sl="53" path="0" offsetend="63" fileid="2" />
                <BranchPoint vc="0" uspid="46" ordinal="3" offset="61" sl="53" path="1" offsetend="71" fileid="2" />
              </BranchPoints>
              <MethodPoint xsi:type="SequencePoint" vc="0" uspid="37" ordinal="0" offset="0" sl="44" sc="9" el="44" ec="10" bec="0" bev="0" fileid="2" />
            </Method>
            <Method visited="true" cyclomaticComplexity="1" sequenceCoverage="100" branchCoverage="100" isConstructor="false" isStatic="false" isGetter="false" isSetter="false">
              <Summary numSequencePoints="4" visitedSequencePoints="4" numBranchPoints="1" visitedBranchPoints="1" sequenceCoverage="100" branchCoverage="100" maxCyclomaticComplexity="1" minCyclomaticComplexity="1" />
              <MetadataToken>100663306</MetadataToken>
              <Name>Artportalen.Response.AuthorizeToken Artportalen.Ap2Client::Authorize(System.String,System.String)</Name>
              <FileRef uid="2" />
              <SequencePoints>
                <SequencePoint vc="11" uspid="47" ordinal="0" offset="0" sl="57" sc="9" el="57" ec="10" bec="0" bev="0" fileid="2" />
                <SequencePoint vc="11" uspid="48" ordinal="1" offset="1" sl="58" sc="13" el="58" ec="123" bec="0" bev="0" fileid="2" />
                <SequencePoint vc="11" uspid="49" ordinal="2" offset="29" sl="59" sc="13" el="59" ec="51" bec="0" bev="0" fileid="2" />
                <SequencePoint vc="11" uspid="50" ordinal="3" offset="39" sl="60" sc="9" el="60" ec="10" bec="0" bev="0" fileid="2" />
              </SequencePoints>
              <BranchPoints />
              <MethodPoint xsi:type="SequencePoint" vc="11" uspid="47" ordinal="0" offset="0" sl="57" sc="9" el="57" ec="10" bec="0" bev="0" fileid="2" />
            </Method>
            <Method visited="true" cyclomaticComplexity="1" sequenceCoverage="100" branchCoverage="100" isConstructor="false" isStatic="false" isGetter="false" isSetter="false">
              <Summary numSequencePoints="5" visitedSequencePoints="5" numBranchPoints="1" visitedBranchPoints="1" sequenceCoverage="100" branchCoverage="100" maxCyclomaticComplexity="1" minCyclomaticComplexity="1" />
              <MetadataToken>100663307</MetadataToken>
              <Name>Artportalen.Response.AuthorizeToken Artportalen.Ap2Client::Authorize(System.String)</Name>
              <FileRef uid="2" />
              <SequencePoints>
                <SequencePoint vc="11" uspid="51" ordinal="0" offset="0" sl="63" sc="9" el="63" ec="10" bec="0" bev="0" fileid="2" />
                <SequencePoint vc="11" uspid="52" ordinal="1" offset="1" sl="64" sc="13" el="64" ec="80" bec="0" bev="0" fileid="2" />
                <SequencePoint vc="11" uspid="53" ordinal="2" offset="17" sl="66" sc="13" el="66" ec="100" bec="0" bev="0" fileid="2" />
                <SequencePoint vc="11" uspid="54" ordinal="3" offset="40" sl="68" sc="13" el="68" ec="64" bec="0" bev="0" fileid="2" />
                <SequencePoint vc="11" uspid="55" ordinal="4" offset="55" sl="69" sc="9" el="69" ec="10" bec="0" bev="0" fileid="2" />
              </SequencePoints>
              <BranchPoints />
              <MethodPoint xsi:type="SequencePoint" vc="11" uspid="51" ordinal="0" offset="0" sl="63" sc="9" el="63" ec="10" bec="0" bev="0" fileid="2" />
            </Method>
            <Method visited="false" cyclomaticComplexity="2" sequenceCoverage="0" branchCoverage="0" isConstructor="false" isStatic="false" isGetter="false" isSetter="false">
              <Summary numSequencePoints="5" visitedSequencePoints="0" numBranchPoints="3" visitedBranchPoints="0" sequenceCoverage="0" branchCoverage="0" maxCyclomaticComplexity="2" minCyclomaticComplexity="2" />
              <MetadataToken>100663308</MetadataToken>
              <Name>Artportalen.Response.CoordinateSystem[] Artportalen.Ap2Client::CoordinateSystems()</Name>
              <FileRef uid="2" />
              <SequencePoints>
                <SequencePoint vc="0" uspid="56" ordinal="0" offset="0" sl="72" sc="9" el="72" ec="10" bec="0" bev="0" fileid="2" />
                <SequencePoint vc="0" uspid="57" ordinal="1" offset="1" sl="73" sc="13" el="73" ec="92" bec="0" bev="0" fileid="2" />
                <SequencePoint vc="0" uspid="58" ordinal="2" offset="17" sl="75" sc="13" el="75" ec="90" bec="0" bev="0" fileid="2" />
                <SequencePoint vc="0" uspid="59" ordinal="3" offset="30" sl="77" sc="13" el="77" ec="79" bec="2" bev="0" fileid="2" />
                <SequencePoint vc="0" uspid="60" ordinal="4" offset="51" sl="78" sc="9" el="78" ec="10" bec="0" bev="0" fileid="2" />
              </SequencePoints>
              <BranchPoints>
                <BranchPoint vc="0" uspid="61" ordinal="0" offset="31" sl="77" path="0" offsetend="33" fileid="2" />
                <BranchPoint vc="0" uspid="62" ordinal="1" offset="31" sl="77" path="1" offsetend="41" fileid="2" />
              </BranchPoints>
              <MethodPoint xsi:type="SequencePoint" vc="0" uspid="56" ordinal="0" offset="0" sl="72" sc="9" el="72" ec="10" bec="0" bev="0" fileid="2" />
            </Method>
            <Method visited="false" cyclomaticComplexity="4" sequenceCoverage="0" branchCoverage="0" isConstructor="false" isStatic="false" isGetter="false" isSetter="false">
              <Summary numSequencePoints="6" visitedSequencePoints="0" numBranchPoints="5" visitedBranchPoints="0" sequenceCoverage="0" branchCoverage="0" maxCyclomaticComplexity="4" minCyclomaticComplexity="4" />
              <MetadataToken>100663309</MetadataToken>
              <Name>Artportalen.Response.DeterminationMethod[] Artportalen.Ap2Client::DeterminationMethods(System.Nullable`1&lt;System.Int32&gt;)</Name>
              <FileRef uid="2" />
              <SequencePoints>
                <SequencePoint vc="0" uspid="63" ordinal="0" offset="0" sl="81" sc="9" el="81" ec="10" bec="0" bev="0" fileid="2" />
                <SequencePoint vc="0" uspid="64" ordinal="1" offset="1" sl="82" sc="13" el="84" ec="57" bec="2" bev="0" fileid="2" />
                <SequencePoint vc="0" uspid="65" ordinal="2" offset="35" sl="86" sc="13" el="86" ec="71" bec="0" bev="0" fileid="2" />
                <SequencePoint vc="0" uspid="66" ordinal="3" offset="47" sl="88" sc="13" el="88" ec="93" bec="0" bev="0" fileid="2" />
                <SequencePoint vc="0" uspid="67" ordinal="4" offset="60" sl="90" sc="13" el="90" ec="82" bec="2" bev="0" fileid="2" />
                <SequencePoint vc="0" uspid="68" ordinal="5" offset="81" sl="91" sc="9" el="91" ec="10" bec="0" bev="0" fileid="2" />
              </SequencePoints>
              <BranchPoints>
                <BranchPoint vc="0" uspid="69" ordinal="0" offset="8" sl="82" path="0" offsetend="10" fileid="2" />
                <BranchPoint vc="0" uspid="70" ordinal="1" offset="8" sl="82" path="1" offsetend="17" fileid="2" />
                <BranchPoint vc="0" uspid="71" ordinal="2" offset="61" sl="90" path="0" offsetend="63" fileid="2" />
                <BranchPoint vc="0" uspid="72" ordinal="3" offset="61" sl="90" path="1" offsetend="71" fileid="2" />
              </BranchPoints>
              <MethodPoint xsi:type="SequencePoint" vc="0" uspid="63" ordinal="0" offset="0" sl="81" sc="9" el="81" ec="10" bec="0" bev="0" fileid="2" />
            </Method>
            <Method visited="false" cyclomaticComplexity="4" sequenceCoverage="0" branchCoverage="0" isConstructor="false" isStatic="false" isGetter="false" isSetter="false">
              <Summary numSequencePoints="6" visitedSequencePoints="0" numBranchPoints="5" visitedBranchPoints="0" sequenceCoverage="0" branchCoverage="0" maxCyclomaticComplexity="4" minCyclomaticComplexity="4" />
              <MetadataToken>100663310</MetadataToken>
              <Name>Artportalen.Response.DiscoveryMethod[] Artportalen.Ap2Client::DiscoveryMethods(System.Nullable`1&lt;System.Int32&gt;)</Name>
              <FileRef uid="2" />
              <SequencePoints>
                <SequencePoint vc="0" uspid="73" ordinal="0" offset="0" sl="94" sc="9" el="94" ec="10" bec="0" bev="0" fileid="2" />
                <SequencePoint vc="0" uspid="74" ordinal="1" offset="1" sl="95" sc="13" el="97" ec="53" bec="2" bev="0" fileid="2" />
                <SequencePoint vc="0" uspid="75" ordinal="2" offset="35" sl="99" sc="13" el="99" ec="71" bec="0" bev="0" fileid="2" />
                <SequencePoint vc="0" uspid="76" ordinal="3" offset="47" sl="101" sc="13" el="101" ec="89" bec="0" bev="0" fileid="2" />
                <SequencePoint vc="0" uspid="77" ordinal="4" offset="60" sl="103" sc="13" el="103" ec="78" bec="2" bev="0" fileid="2" />
                <SequencePoint vc="0" uspid="78" ordinal="5" offset="81" sl="104" sc="9" el="104" ec="10" bec="0" bev="0" fileid="2" />
              </SequencePoints>
              <BranchPoints>
                <BranchPoint vc="0" uspid="79" ordinal="0" offset="8" sl="95" path="0" offsetend="10" fileid="2" />
                <BranchPoint vc="0" uspid="80" ordinal="1" offset="8" sl="95" path="1" offsetend="17" fileid="2" />
                <BranchPoint vc="0" uspid="81" ordinal="2" offset="61" sl="103" path="0" offsetend="63" fileid="2" />
                <BranchPoint vc="0" uspid="82" ordinal="3" offset="61" sl="103" path="1" offsetend="71" fileid="2" />
              </BranchPoints>
              <MethodPoint xsi:type="SequencePoint" vc="0" uspid="73" ordinal="0" offset="0" sl="94" sc="9" el="94" ec="10" bec="0" bev="0" fileid="2" />
            </Method>
            <Method visited="false" cyclomaticComplexity="4" sequenceCoverage="0" branchCoverage="0" isConstructor="false" isStatic="false" isGetter="false" isSetter="false">
              <Summary numSequencePoints="6" visitedSequencePoints="0" numBranchPoints="5" visitedBranchPoints="0" sequenceCoverage="0" branchCoverage="0" maxCyclomaticComplexity="4" minCyclomaticComplexity="4" />
              <MetadataToken>100663311</MetadataToken>
              <Name>Artportalen.Response.Gender[] Artportalen.Ap2Client::Genders(System.Nullable`1&lt;System.Int32&gt;)</Name>
              <FileRef uid="2" />
              <SequencePoints>
                <SequencePoint vc="0" uspid="83" ordinal="0" offset="0" sl="107" sc="9" el="107" ec="10" bec="0" bev="0" fileid="2" />
                <SequencePoint vc="0" uspid="84" ordinal="1" offset="1" sl="108" sc="13" el="110" ec="44" bec="2" bev="0" fileid="2" />
                <SequencePoint vc="0" uspid="85" ordinal="2" offset="35" sl="112" sc="13" el="112" ec="71" bec="0" bev="0" fileid="2" />
                <SequencePoint vc="0" uspid="86" ordinal="3" offset="47" sl="114" sc="13" el="114" ec="80" bec="0" bev="0" fileid="2" />
                <SequencePoint vc="0" uspid="87" ordinal="4" offset="60" sl="116" sc="13" el="116" ec="69" bec="2" bev="0" fileid="2" />
                <SequencePoint vc="0" uspid="88" ordinal="5" offset="81" sl="117" sc="9" el="117" ec="10" bec="0" bev="0" fileid="2" />
              </SequencePoints>
              <BranchPoints>
                <BranchPoint vc="0" uspid="89" ordinal="0" offset="8" sl="108" path="0" offsetend="10" fileid="2" />
                <BranchPoint vc="0" uspid="90" ordinal="1" offset="8" sl="108" path="1" offsetend="17" fileid="2" />
                <BranchPoint vc="0" uspid="91" ordinal="2" offset="61" sl="116" path="0" offsetend="63" fileid="2" />
                <BranchPoint vc="0" uspid="92" ordinal="3" offset="61" sl="116" path="1" offsetend="71" fileid="2" />
              </BranchPoints>
              <MethodPoint xsi:type="SequencePoint" vc="0" uspid="83" ordinal="0" offset="0" sl="107" sc="9" el="107" ec="10" bec="0" bev="0" fileid="2" />
            </Method>
            <Method visited="true" cyclomaticComplexity="1" sequenceCoverage="100" branchCoverage="100" isConstructor="false" isStatic="false" isGetter="false" isSetter="false">
              <Summary numSequencePoints="5" visitedSequencePoints="5" numBranchPoints="1" visitedBranchPoints="1" sequenceCoverage="100" branchCoverage="100" maxCyclomaticComplexity="1" minCyclomaticComplexity="1" />
              <MetadataToken>100663312</MetadataToken>
              <Name>Artportalen.Response.Sighting Artportalen.Ap2Client::Sighting(System.Int64,Artportalen.Response.AuthorizeToken)</Name>
              <FileRef uid="2" />
              <SequencePoints>
                <SequencePoint vc="1" uspid="93" ordinal="0" offset="0" sl="120" sc="9" el="120" ec="10" bec="0" bev="0" fileid="2" />
                <SequencePoint vc="1" uspid="94" ordinal="1" offset="1" sl="121" sc="13" el="121" ec="107" bec="0" bev="0" fileid="2" />
                <SequencePoint vc="1" uspid="95" ordinal="2" offset="28" sl="122" sc="13" el="122" ec="68" bec="0" bev="0" fileid="2" />
                <SequencePoint vc="1" uspid="96" ordinal="3" offset="37" sl="124" sc="13" el="124" ec="58" bec="0" bev="0" fileid="2" />
                <SequencePoint vc="1" uspid="97" ordinal="4" offset="52" sl="125" sc="9" el="125" ec="10" bec="0" bev="0" fileid="2" />
              </SequencePoints>
              <BranchPoints />
              <MethodPoint xsi:type="SequencePoint" vc="1" uspid="93" ordinal="0" offset="0" sl="120" sc="9" el="120" ec="10" bec="0" bev="0" fileid="2" />
            </Method>
            <Method visited="true" cyclomaticComplexity="1" sequenceCoverage="100" branchCoverage="100" isConstructor="false" isStatic="false" isGetter="false" isSetter="false">
              <Summary numSequencePoints="6" visitedSequencePoints="6" numBranchPoints="1" visitedBranchPoints="1" sequenceCoverage="100" branchCoverage="100" maxCyclomaticComplexity="1" minCyclomaticComplexity="1" />
              <MetadataToken>100663313</MetadataToken>
              <Name>Artportalen.Response.SightingsResponse Artportalen.Ap2Client::Sightings(Artportalen.Request.SightingsQuery,Artportalen.Response.AuthorizeToken)</Name>
              <FileRef uid="2" />
              <SequencePoints>
                <SequencePoint vc="3" uspid="98" ordinal="0" offset="0" sl="128" sc="9" el="128" ec="10" bec="0" bev="0" fileid="2" />
                <SequencePoint vc="3" uspid="99" ordinal="1" offset="1" sl="129" sc="13" el="129" ec="62" bec="0" bev="0" fileid="2" />
                <SequencePoint vc="3" uspid="100" ordinal="2" offset="9" sl="130" sc="13" el="130" ec="123" bec="0" bev="0" fileid="2" />
                <SequencePoint vc="3" uspid="101" ordinal="3" offset="31" sl="131" sc="13" el="131" ec="68" bec="0" bev="0" fileid="2" />
                <SequencePoint vc="3" uspid="102" ordinal="4" offset="40" sl="133" sc="13" el="133" ec="67" bec="0" bev="0" fileid="2" />
                <SequencePoint vc="3" uspid="103" ordinal="5" offset="55" sl="134" sc="9" el="134" ec="10" bec="0" bev="0" fileid="2" />
              </SequencePoints>
              <BranchPoints />
              <MethodPoint xsi:type="SequencePoint" vc="3" uspid="98" ordinal="0" offset="0" sl="128" sc="9" el="128" ec="10" bec="0" bev="0" fileid="2" />
            </Method>
            <Method visited="false" cyclomaticComplexity="6" sequenceCoverage="0" branchCoverage="0" isConstructor="false" isStatic="false" isGetter="false" isSetter="false">
              <Summary numSequencePoints="19" visitedSequencePoints="0" numBranchPoints="11" visitedBranchPoints="0" sequenceCoverage="0" branchCoverage="0" maxCyclomaticComplexity="6" minCyclomaticComplexity="6" />
              <MetadataToken>100663314</MetadataToken>
              <Name>Artportalen.Response.Site[] Artportalen.Ap2Client::SitesWithinRadius(Artportalen.Request.SitesQuery,Artportalen.Response.AuthorizeToken)</Name>
              <FileRef uid="2" />
              <SequencePoints>
                <SequencePoint vc="0" uspid="104" ordinal="0" offset="0" sl="137" sc="9" el="137" ec="10" bec="0" bev="0" fileid="2" />
                <SequencePoint vc="0" uspid="105" ordinal="1" offset="1" sl="138" sc="13" el="138" ec="39" bec="2" bev="0" fileid="2" />
                <SequencePoint vc="0" uspid="106" ordinal="2" offset="19" sl="139" sc="13" el="139" ec="14" bec="0" bev="0" fileid="2" />
                <SequencePoint vc="0" uspid="107" ordinal="3" offset="20" sl="140" sc="17" el="140" ec="91" bec="0" bev="0" fileid="2" />
                <SequencePoint vc="0" uspid="108" ordinal="4" offset="31" sl="143" sc="13" el="143" ec="50" bec="2" bev="0" fileid="2" />
                <SequencePoint vc="0" uspid="109" ordinal="5" offset="51" sl="144" sc="13" el="144" ec="14" bec="0" bev="0" fileid="2" />
                <SequencePoint vc="0" uspid="110" ordinal="6" offset="52" sl="145" sc="17" el="145" ec="89" bec="0" bev="0" fileid="2" />
                <SequencePoint vc="0" uspid="111" ordinal="7" offset="63" sl="148" sc="13" el="148" ec="51" bec="2" bev="0" fileid="2" />
                <SequencePoint vc="0" uspid="112" ordinal="8" offset="83" sl="149" sc="13" el="149" ec="14" bec="0" bev="0" fileid="2" />
                <SequencePoint vc="0" uspid="113" ordinal="9" offset="84" sl="150" sc="17" el="150" ec="90" bec="0" bev="0" fileid="2" />
                <SequencePoint vc="0" uspid="114" ordinal="10" offset="95" sl="153" sc="13" el="153" ec="35" bec="2" bev="0" fileid="2" />
                <SequencePoint vc="0" uspid="115" ordinal="11" offset="113" sl="154" sc="13" el="154" ec="14" bec="0" bev="0" fileid="2" />
                <SequencePoint vc="0" uspid="116" ordinal="12" offset="114" sl="155" sc="17" el="155" ec="80" bec="0" bev="0" fileid="2" />
                <SequencePoint vc="0" uspid="117" ordinal="13" offset="125" sl="158" sc="13" el="162" ec="61" bec="0" bev="0" fileid="2" />
                <SequencePoint vc="0" uspid="118" ordinal="14" offset="149" sl="163" sc="13" el="163" ec="228" bec="0" bev="0" fileid="2" />
                <SequencePoint vc="0" uspid="119" ordinal="15" offset="235" sl="164" sc="13" el="164" ec="68" bec="0" bev="0" fileid="2" />
                <SequencePoint vc="0" uspid="120" ordinal="16" offset="244" sl="166" sc="13" el="166" ec="78" bec="0" bev="0" fileid="2" />
                <SequencePoint vc="0" uspid="121" ordinal="17" offset="257" sl="168" sc="13" el="168" ec="67" bec="2" bev="0" fileid="2" />
                <SequencePoint vc="0" uspid="122" ordinal="18" offset="278" sl="169" sc="9" el="169" ec="10" bec="0" bev="0" fileid="2" />
              </SequencePoints>
              <BranchPoints>
                <BranchPoint vc="0" uspid="123" ordinal="0" offset="17" sl="138" path="0" offsetend="19" fileid="2" />
                <BranchPoint vc="0" uspid="124" ordinal="1" offset="17" sl="138" path="1" offsetend="31" fileid="2" />
                <BranchPoint vc="0" uspid="125" ordinal="2" offset="49" sl="143" path="0" offsetend="51" fileid="2" />
                <BranchPoint vc="0" uspid="126" ordinal="3" offset="49" sl="143" path="1" offsetend="63" fileid="2" />
                <BranchPoint vc="0" uspid="127" ordinal="4" offset="81" sl="148" path="0" offsetend="83" fileid="2" />
                <BranchPoint vc="0" uspid="128" ordinal="5" offset="81" sl="148" path="1" offsetend="95" fileid="2" />
                <BranchPoint vc="0" uspid="129" ordinal="6" offset="111" sl="153" path="0" offsetend="113" fileid="2" />
                <BranchPoint vc="0" uspid="130" ordinal="7" offset="111" sl="153" path="1" offsetend="125" fileid="2" />
                <BranchPoint vc="0" uspid="131" ordinal="8" offset="258" sl="168" path="0" offsetend="260" fileid="2" />
                <BranchPoint vc="0" uspid="132" ordinal="9" offset="258" sl="168" path="1" offsetend="268" fileid="2" />
              </BranchPoints>
              <MethodPoint xsi:type="SequencePoint" vc="0" uspid="104" ordinal="0" offset="0" sl="137" sc="9" el="137" ec="10" bec="0" bev="0" fileid="2" />
            </Method>
            <Method visited="false" cyclomaticComplexity="5" sequenceCoverage="0" branchCoverage="0" isConstructor="false" isStatic="false" isGetter="false" isSetter="false">
              <Summary numSequencePoints="16" visitedSequencePoints="0" numBranchPoints="9" visitedBranchPoints="0" sequenceCoverage="0" branchCoverage="0" maxCyclomaticComplexity="5" minCyclomaticComplexity="5" />
              <MetadataToken>100663315</MetadataToken>
              <Name>Artportalen.Response.Site[] Artportalen.Ap2Client::SitesContainingPoint(Artportalen.Request.SitesQuery,Artportalen.Response.AuthorizeToken)</Name>
              <FileRef uid="2" />
              <SequencePoints>
                <SequencePoint vc="0" uspid="133" ordinal="0" offset="0" sl="172" sc="9" el="172" ec="10" bec="0" bev="0" fileid="2" />
                <SequencePoint vc="0" uspid="134" ordinal="1" offset="1" sl="173" sc="13" el="173" ec="39" bec="2" bev="0" fileid="2" />
                <SequencePoint vc="0" uspid="135" ordinal="2" offset="19" sl="174" sc="13" el="174" ec="14" bec="0" bev="0" fileid="2" />
                <SequencePoint vc="0" uspid="136" ordinal="3" offset="20" sl="175" sc="17" el="175" ec="91" bec="0" bev="0" fileid="2" />
                <SequencePoint vc="0" uspid="137" ordinal="4" offset="31" sl="178" sc="13" el="178" ec="50" bec="2" bev="0" fileid="2" />
                <SequencePoint vc="0" uspid="138" ordinal="5" offset="51" sl="179" sc="13" el="179" ec="14" bec="0" bev="0" fileid="2" />
                <SequencePoint vc="0" uspid="139" ordinal="6" offset="52" sl="180" sc="17" el="180" ec="89" bec="0" bev="0" fileid="2" />
                <SequencePoint vc="0" uspid="140" ordinal="7" offset="63" sl="183" sc="13" el="183" ec="51" bec="2" bev="0" fileid="2" />
                <SequencePoint vc="0" uspid="141" ordinal="8" offset="83" sl="184" sc="13" el="184" ec="14" bec="0" bev="0" fileid="2" />
                <SequencePoint vc="0" uspid="142" ordinal="9" offset="84" sl="185" sc="17" el="185" ec="90" bec="0" bev="0" fileid="2" />
                <SequencePoint vc="0" uspid="143" ordinal="10" offset="95" sl="188" sc="13" el="192" ec="61" bec="0" bev="0" fileid="2" />
                <SequencePoint vc="0" uspid="144" ordinal="11" offset="119" sl="193" sc="13" el="193" ec="207" bec="0" bev="0" fileid="2" />
                <SequencePoint vc="0" uspid="145" ordinal="12" offset="190" sl="194" sc="13" el="194" ec="68" bec="0" bev="0" fileid="2" />
                <SequencePoint vc="0" uspid="146" ordinal="13" offset="199" sl="196" sc="13" el="196" ec="78" bec="0" bev="0" fileid="2" />
                <SequencePoint vc="0" uspid="147" ordinal="14" offset="212" sl="198" sc="13" el="198" ec="67" bec="2" bev="0" fileid="2" />
                <SequencePoint vc="0" uspid="148" ordinal="15" offset="233" sl="199" sc="9" el="199" ec="10" bec="0" bev="0" fileid="2" />
              </SequencePoints>
              <BranchPoints>
                <BranchPoint vc="0" uspid="149" ordinal="0" offset="17" sl="173" path="0" offsetend="19" fileid="2" />
                <BranchPoint vc="0" uspid="150" ordinal="1" offset="17" sl="173" path="1" offsetend="31" fileid="2" />
                <BranchPoint vc="0" uspid="151" ordinal="2" offset="49" sl="178" path="0" offsetend="51" fileid="2" />
                <BranchPoint vc="0" uspid="152" ordinal="3" offset="49" sl="178" path="1" offsetend="63" fileid="2" />
                <BranchPoint vc="0" uspid="153" ordinal="4" offset="81" sl="183" path="0" offsetend="83" fileid="2" />
                <BranchPoint vc="0" uspid="154" ordinal="5" offset="81" sl="183" path="1" offsetend="95" fileid="2" />
                <BranchPoint vc="0" uspid="155" ordinal="6" offset="213" sl="198" path="0" offsetend="215" fileid="2" />
                <BranchPoint vc="0" uspid="156" ordinal="7" offset="213" sl="198" path="1" offsetend="223" fileid="2" />
              </BranchPoints>
              <MethodPoint xsi:type="SequencePoint" vc="0" uspid="133" ordinal="0" offset="0" sl="172" sc="9" el="172" ec="10" bec="0" bev="0" fileid="2" />
            </Method>
            <Method visited="false" cyclomaticComplexity="2" sequenceCoverage="0" branchCoverage="0" isConstructor="false" isStatic="false" isGetter="false" isSetter="false">
              <Summary numSequencePoints="5" visitedSequencePoints="0" numBranchPoints="3" visitedBranchPoints="0" sequenceCoverage="0" branchCoverage="0" maxCyclomaticComplexity="2" minCyclomaticComplexity="2" />
              <MetadataToken>100663316</MetadataToken>
              <Name>Artportalen.Response.SpeciesGroup[] Artportalen.Ap2Client::SpeciesGroups()</Name>
              <FileRef uid="2" />
              <SequencePoints>
                <SequencePoint vc="0" uspid="157" ordinal="0" offset="0" sl="202" sc="9" el="202" ec="10" bec="0" bev="0" fileid="2" />
                <SequencePoint vc="0" uspid="158" ordinal="1" offset="1" sl="203" sc="13" el="203" ec="88" bec="0" bev="0" fileid="2" />
                <SequencePoint vc="0" uspid="159" ordinal="2" offset="17" sl="205" sc="13" el="205" ec="86" bec="0" bev="0" fileid="2" />
                <SequencePoint vc="0" uspid="160" ordinal="3" offset="30" sl="207" sc="13" el="207" ec="75" bec="2" bev="0" fileid="2" />
                <SequencePoint vc="0" uspid="161" ordinal="4" offset="51" sl="208" sc="9" el="208" ec="10" bec="0" bev="0" fileid="2" />
              </SequencePoints>
              <BranchPoints>
                <BranchPoint vc="0" uspid="162" ordinal="0" offset="31" sl="207" path="0" offsetend="33" fileid="2" />
                <BranchPoint vc="0" uspid="163" ordinal="1" offset="31" sl="207" path="1" offsetend="41" fileid="2" />
              </BranchPoints>
              <MethodPoint xsi:type="SequencePoint" vc="0" uspid="157" ordinal="0" offset="0" sl="202" sc="9" el="202" ec="10" bec="0" bev="0" fileid="2" />
            </Method>
            <Method visited="false" cyclomaticComplexity="4" sequenceCoverage="0" branchCoverage="0" isConstructor="false" isStatic="false" isGetter="false" isSetter="false">
              <Summary numSequencePoints="6" visitedSequencePoints="0" numBranchPoints="5" visitedBranchPoints="0" sequenceCoverage="0" branchCoverage="0" maxCyclomaticComplexity="4" minCyclomaticComplexity="4" />
              <MetadataToken>100663317</MetadataToken>
              <Name>Artportalen.Response.Stage[] Artportalen.Ap2Client::Stages(System.Nullable`1&lt;System.Int32&gt;)</Name>
              <FileRef uid="2" />
              <SequencePoints>
                <SequencePoint vc="0" uspid="164" ordinal="0" offset="0" sl="211" sc="9" el="211" ec="10" bec="0" bev="0" fileid="2" />
                <SequencePoint vc="0" uspid="165" ordinal="1" offset="1" sl="212" sc="13" el="214" ec="43" bec="2" bev="0" fileid="2" />
                <SequencePoint vc="0" uspid="166" ordinal="2" offset="35" sl="216" sc="13" el="216" ec="71" bec="0" bev="0" fileid="2" />
                <SequencePoint vc="0" uspid="167" ordinal="3" offset="47" sl="218" sc="13" el="218" ec="79" bec="0" bev="0" fileid="2" />
                <SequencePoint vc="0" uspid="168" ordinal="4" offset="60" sl="220" sc="13" el="220" ec="68" bec="2" bev="0" fileid="2" />
                <SequencePoint vc="0" uspid="169" ordinal="5" offset="81" sl="221" sc="9" el="221" ec="10" bec="0" bev="0" fileid="2" />
              </SequencePoints>
              <BranchPoints>
                <BranchPoint vc="0" uspid="170" ordinal="0" offset="8" sl="212" path="0" offsetend="10" fileid="2" />
                <BranchPoint vc="0" uspid="171" ordinal="1" offset="8" sl="212" path="1" offsetend="17" fileid="2" />
                <BranchPoint vc="0" uspid="172" ordinal="2" offset="61" sl="220" path="0" offsetend="63" fileid="2" />
                <BranchPoint vc="0" uspid="173" ordinal="3" offset="61" sl="220" path="1" offsetend="71" fileid="2" />
              </BranchPoints>
              <MethodPoint xsi:type="SequencePoint" vc="0" uspid="164" ordinal="0" offset="0" sl="211" sc="9" el="211" ec="10" bec="0" bev="0" fileid="2" />
            </Method>
            <Method visited="false" cyclomaticComplexity="1" sequenceCoverage="0" branchCoverage="0" isConstructor="false" isStatic="false" isGetter="false" isSetter="false">
              <Summary numSequencePoints="4" visitedSequencePoints="0" numBranchPoints="1" visitedBranchPoints="0" sequenceCoverage="0" branchCoverage="0" maxCyclomaticComplexity="1" minCyclomaticComplexity="1" />
              <MetadataToken>100663318</MetadataToken>
              <Name>Artportalen.Response.Taxon Artportalen.Ap2Client::Taxon(System.Int32)</Name>
              <FileRef uid="2" />
              <SequencePoints>
                <SequencePoint vc="0" uspid="174" ordinal="0" offset="0" sl="224" sc="9" el="224" ec="10" bec="0" bev="0" fileid="2" />
                <SequencePoint vc="0" uspid="175" ordinal="1" offset="1" sl="225" sc="13" el="225" ec="108" bec="0" bev="0" fileid="2" />
                <SequencePoint vc="0" uspid="176" ordinal="2" offset="28" sl="227" sc="13" el="227" ec="55" bec="0" bev="0" fileid="2" />
                <SequencePoint vc="0" uspid="177" ordinal="3" offset="43" sl="228" sc="9" el="228" ec="10" bec="0" bev="0" fileid="2" />
              </SequencePoints>
              <BranchPoints />
              <MethodPoint xsi:type="SequencePoint" vc="0" uspid="174" ordinal="0" offset="0" sl="224" sc="9" el="224" ec="10" bec="0" bev="0" fileid="2" />
            </Method>
            <Method visited="true" cyclomaticComplexity="1" sequenceCoverage="100" branchCoverage="100" isConstructor="false" isStatic="false" isGetter="false" isSetter="false">
              <Summary numSequencePoints="5" visitedSequencePoints="5" numBranchPoints="1" visitedBranchPoints="1" sequenceCoverage="100" branchCoverage="100" maxCyclomaticComplexity="1" minCyclomaticComplexity="1" />
              <MetadataToken>100663319</MetadataToken>
              <Name>System.String[] Artportalen.Ap2Client::Test(Artportalen.Response.AuthorizeToken)</Name>
              <FileRef uid="2" />
              <SequencePoints>
                <SequencePoint vc="2" uspid="178" ordinal="0" offset="0" sl="231" sc="9" el="231" ec="10" bec="0" bev="0" fileid="2" />
                <SequencePoint vc="2" uspid="179" ordinal="1" offset="1" sl="232" sc="13" el="232" ec="79" bec="0" bev="0" fileid="2" />
                <SequencePoint vc="2" uspid="180" ordinal="2" offset="17" sl="233" sc="13" el="233" ec="68" bec="0" bev="0" fileid="2" />
                <SequencePoint vc="2" uspid="181" ordinal="3" offset="26" sl="235" sc="13" el="235" ec="58" bec="0" bev="0" fileid="2" />
                <SequencePoint vc="2" uspid="182" ordinal="4" offset="41" sl="236" sc="9" el="236" ec="10" bec="0" bev="0" fileid="2" />
              </SequencePoints>
              <BranchPoints />
              <MethodPoint xsi:type="SequencePoint" vc="2" uspid="178" ordinal="0" offset="0" sl="231" sc="9" el="231" ec="10" bec="0" bev="0" fileid="2" />
            </Method>
            <Method visited="true" cyclomaticComplexity="1" sequenceCoverage="100" branchCoverage="100" isConstructor="false" isStatic="false" isGetter="false" isSetter="false">
              <Summary numSequencePoints="4" visitedSequencePoints="4" numBranchPoints="1" visitedBranchPoints="1" sequenceCoverage="100" branchCoverage="100" maxCyclomaticComplexity="1" minCyclomaticComplexity="1" />
              <MetadataToken>100663320</MetadataToken>
              <Name>System.String[] Artportalen.Ap2Client::TestPublic()</Name>
              <FileRef uid="2" />
              <SequencePoints>
                <SequencePoint vc="3" uspid="183" ordinal="0" offset="0" sl="239" sc="9" el="239" ec="10" bec="0" bev="0" fileid="2" />
                <SequencePoint vc="3" uspid="184" ordinal="1" offset="1" sl="240" sc="13" el="240" ec="85" bec="0" bev="0" fileid="2" />
                <SequencePoint vc="3" uspid="185" ordinal="2" offset="17" sl="242" sc="13" el="242" ec="58" bec="0" bev="0" fileid="2" />
                <SequencePoint vc="3" uspid="186" ordinal="3" offset="32" sl="243" sc="9" el="243" ec="10" bec="0" bev="0" fileid="2" />
              </SequencePoints>
              <BranchPoints />
              <MethodPoint xsi:type="SequencePoint" vc="3" uspid="183" ordinal="0" offset="0" sl="239" sc="9" el="239" ec="10" bec="0" bev="0" fileid="2" />
            </Method>
            <Method visited="false" cyclomaticComplexity="4" sequenceCoverage="0" branchCoverage="0" isConstructor="false" isStatic="false" isGetter="false" isSetter="false">
              <Summary numSequencePoints="6" visitedSequencePoints="0" numBranchPoints="5" visitedBranchPoints="0" sequenceCoverage="0" branchCoverage="0" maxCyclomaticComplexity="4" minCyclomaticComplexity="4" />
              <MetadataToken>100663321</MetadataToken>
              <Name>Artportalen.Response.Unit[] Artportalen.Ap2Client::Units(System.Nullable`1&lt;System.Int32&gt;)</Name>
              <FileRef uid="2" />
              <SequencePoints>
                <SequencePoint vc="0" uspid="187" ordinal="0" offset="0" sl="246" sc="9" el="246" ec="10" bec="0" bev="0" fileid="2" />
                <SequencePoint vc="0" uspid="188" ordinal="1" offset="1" sl="247" sc="13" el="249" ec="42" bec="2" bev="0" fileid="2" />
                <SequencePoint vc="0" uspid="189" ordinal="2" offset="35" sl="251" sc="13" el="251" ec="71" bec="0" bev="0" fileid="2" />
                <SequencePoint vc="0" uspid="190" ordinal="3" offset="47" sl="253" sc="13" el="253" ec="78" bec="0" bev="0" fileid="2" />
                <SequencePoint vc="0" uspid="191" ordinal="4" offset="60" sl="255" sc="13" el="255" ec="67" bec="2" bev="0" fileid="2" />
                <SequencePoint vc="0" uspid="192" ordinal="5" offset="81" sl="256" sc="9" el="256" ec="10" bec="0" bev="0" fileid="2" />
              </SequencePoints>
              <BranchPoints>
                <BranchPoint vc="0" uspid="193" ordinal="0" offset="8" sl="247" path="0" offsetend="10" fileid="2" />
                <BranchPoint vc="0" uspid="194" ordinal="1" offset="8" sl="247" path="1" offsetend="17" fileid="2" />
                <BranchPoint vc="0" uspid="195" ordinal="2" offset="61" sl="255" path="0" offsetend="63" fileid="2" />
                <BranchPoint vc="0" uspid="196" ordinal="3" offset="61" sl="255" path="1" offsetend="71" fileid="2" />
              </BranchPoints>
              <MethodPoint xsi:type="SequencePoint" vc="0" uspid="187" ordinal="0" offset="0" sl="246" sc="9" el="246" ec="10" bec="0" bev="0" fileid="2" />
            </Method>
            <Method visited="true" cyclomaticComplexity="1" sequenceCoverage="100" branchCoverage="100" isConstructor="false" isStatic="false" isGetter="false" isSetter="false">
              <Summary numSequencePoints="3" visitedSequencePoints="3" numBranchPoints="1" visitedBranchPoints="1" sequenceCoverage="100" branchCoverage="100" maxCyclomaticComplexity="1" minCyclomaticComplexity="1" />
              <MetadataToken>100663322</MetadataToken>
              <Name>Artportalen.Response.ResponseWrapper`1&lt;T&gt; Artportalen.Ap2Client::Execute(System.Net.Http.HttpRequestMessage)</Name>
              <FileRef uid="2" />
              <SequencePoints>
                <SequencePoint vc="20" uspid="197" ordinal="0" offset="0" sl="259" sc="9" el="259" ec="10" bec="0" bev="0" fileid="2" />
                <SequencePoint vc="20" uspid="198" ordinal="1" offset="1" sl="260" sc="13" el="260" ec="86" bec="0" bev="0" fileid="2" />
                <SequencePoint vc="20" uspid="199" ordinal="2" offset="26" sl="261" sc="9" el="261" ec="10" bec="0" bev="0" fileid="2" />
              </SequencePoints>
              <BranchPoints />
              <MethodPoint xsi:type="SequencePoint" vc="20" uspid="197" ordinal="0" offset="0" sl="259" sc="9" el="259" ec="10" bec="0" bev="0" fileid="2" />
            </Method>
            <Method visited="true" cyclomaticComplexity="3" sequenceCoverage="55.56" branchCoverage="60" isConstructor="false" isStatic="false" isGetter="false" isSetter="false">
              <Summary numSequencePoints="9" visitedSequencePoints="5" numBranchPoints="5" visitedBranchPoints="3" sequenceCoverage="55.56" branchCoverage="60" maxCyclomaticComplexity="3" minCyclomaticComplexity="3" />
              <MetadataToken>100663323</MetadataToken>
              <Name>System.Void Artportalen.Ap2Client::AddSessionAuthorizationHeader(System.Net.Http.HttpRequestMessage,Artportalen.Response.AuthorizeToken)</Name>
              <FileRef uid="2" />
              <SequencePoints>
                <SequencePoint vc="6" uspid="200" ordinal="0" offset="0" sl="264" sc="9" el="264" ec="10" bec="0" bev="0" fileid="2" />
                <SequencePoint vc="6" uspid="201" ordinal="1" offset="1" sl="265" sc="13" el="265" ec="36" bec="2" bev="1" fileid="2" />
                <SequencePoint vc="0" uspid="202" ordinal="2" offset="11" sl="266" sc="13" el="266" ec="14" bec="0" bev="0" fileid="2" />
                <SequencePoint vc="0" uspid="203" ordinal="3" offset="12" sl="267" sc="17" el="267" ec="117" bec="0" bev="0" fileid="2" />
                <SequencePoint vc="6" uspid="204" ordinal="4" offset="23" sl="270" sc="13" el="270" ec="62" bec="2" bev="1" fileid="2" />
                <SequencePoint vc="0" uspid="205" ordinal="5" offset="41" sl="271" sc="13" el="271" ec="14" bec="0" bev="0" fileid="2" />
                <SequencePoint vc="0" uspid="206" ordinal="6" offset="42" sl="272" sc="17" el="272" ec="133" bec="0" bev="0" fileid="2" />
                <SequencePoint vc="6" uspid="207" ordinal="7" offset="53" sl="275" sc="13" el="275" ec="110" bec="0" bev="0" fileid="2" />
                <SequencePoint vc="6" uspid="208" ordinal="8" offset="81" sl="276" sc="9" el="276" ec="10" bec="0" bev="0" fileid="2" />
              </SequencePoints>
              <BranchPoints>
                <BranchPoint vc="0" uspid="209" ordinal="0" offset="9" sl="265" path="0" offsetend="11" fileid="2" />
                <BranchPoint vc="6" uspid="210" ordinal="1" offset="9" sl="265" path="1" offsetend="23" fileid="2" />
                <BranchPoint vc="0" uspid="211" ordinal="2" offset="39" sl="270" path="0" offsetend="41" fileid="2" />
                <BranchPoint vc="6" uspid="212" ordinal="3" offset="39" sl="270" path="1" offsetend="53" fileid="2" />
              </BranchPoints>
              <MethodPoint xsi:type="SequencePoint" vc="6" uspid="200" ordinal="0" offset="0" sl="264" sc="9" el="264" ec="10" bec="0" bev="0" fileid="2" />
            </Method>
            <Method visited="true" cyclomaticComplexity="3" sequenceCoverage="80" branchCoverage="60" isConstructor="false" isStatic="false" isGetter="false" isSetter="false">
              <Summary numSequencePoints="10" visitedSequencePoints="8" numBranchPoints="5" visitedBranchPoints="3" sequenceCoverage="80" branchCoverage="60" maxCyclomaticComplexity="3" minCyclomaticComplexity="3" />
              <MetadataToken>100663324</MetadataToken>
              <Name>System.Net.Http.HttpClient Artportalen.Ap2Client::CreateClient(System.Net.Http.HttpMessageHandler)</Name>
              <FileRef uid="2" />
              <SequencePoints>
                <SequencePoint vc="10" uspid="213" ordinal="0" offset="0" sl="279" sc="9" el="279" ec="10" bec="0" bev="0" fileid="2" />
                <SequencePoint vc="10" uspid="214" ordinal="1" offset="1" sl="280" sc="13" el="280" ec="109" bec="2" bev="1" fileid="2" />
                <SequencePoint vc="10" uspid="215" ordinal="2" offset="19" sl="282" sc="13" el="282" ec="55" bec="0" bev="0" fileid="2" />
                <SequencePoint vc="10" uspid="216" ordinal="3" offset="36" sl="283" sc="13" el="283" ec="110" bec="0" bev="0" fileid="2" />
                <SequencePoint vc="10" uspid="217" ordinal="4" offset="63" sl="285" sc="13" el="285" ec="54" bec="2" bev="1" fileid="2" />
                <SequencePoint vc="0" uspid="218" ordinal="5" offset="81" sl="286" sc="13" el="286" ec="14" bec="0" bev="0" fileid="2" />
                <SequencePoint vc="0" uspid="219" ordinal="6" offset="82" sl="287" sc="17" el="287" ec="70" bec="0" bev="0" fileid="2" />
                <SequencePoint vc="10" uspid="220" ordinal="7" offset="93" sl="290" sc="13" el="290" ec="76" bec="0" bev="0" fileid="2" />
                <SequencePoint vc="10" uspid="221" ordinal="8" offset="116" sl="292" sc="13" el="292" ec="27" bec="0" bev="0" fileid="2" />
                <SequencePoint vc="10" uspid="222" ordinal="9" offset="120" sl="293" sc="9" el="293" ec="10" bec="0" bev="0" fileid="2" />
              </SequencePoints>
              <BranchPoints>
                <BranchPoint vc="0" uspid="223" ordinal="0" offset="2" sl="280" path="0" offsetend="4" fileid="2" />
                <BranchPoint vc="10" uspid="224" ordinal="1" offset="2" sl="280" path="1" offsetend="11" fileid="2" />
                <BranchPoint vc="0" uspid="225" ordinal="2" offset="79" sl="285" path="0" offsetend="81" fileid="2" />
                <BranchPoint vc="10" uspid="226" ordinal="3" offset="79" sl="285" path="1" offsetend="93" fileid="2" />
              </BranchPoints>
              <MethodPoint xsi:type="SequencePoint" vc="10" uspid="213" ordinal="0" offset="0" sl="279" sc="9" el="279" ec="10" bec="0" bev="0" fileid="2" />
            </Method>
            <Method visited="true" cyclomaticComplexity="1" sequenceCoverage="100" branchCoverage="100" isConstructor="false" isStatic="false" isGetter="false" isSetter="false">
              <Summary numSequencePoints="4" visitedSequencePoints="4" numBranchPoints="1" visitedBranchPoints="1" sequenceCoverage="100" branchCoverage="100" maxCyclomaticComplexity="1" minCyclomaticComplexity="1" />
              <MetadataToken>100663325</MetadataToken>
              <Name>System.String Artportalen.Ap2Client::GetQueryString(System.Object)</Name>
              <FileRef uid="2" />
              <SequencePoints>
                <SequencePoint vc="3" uspid="227" ordinal="0" offset="13" sl="296" sc="9" el="296" ec="10" bec="0" bev="0" fileid="2" />
                <SequencePoint vc="3" uspid="228" ordinal="1" offset="14" sl="297" sc="13" el="299" ec="108" bec="0" bev="0" fileid="2" />
                <SequencePoint vc="3" uspid="229" ordinal="2" offset="65" sl="301" sc="13" el="301" ec="59" bec="0" bev="0" fileid="2" />
                <SequencePoint vc="3" uspid="230" ordinal="3" offset="84" sl="302" sc="9" el="302" ec="10" bec="0" bev="0" fileid="2" />
              </SequencePoints>
              <BranchPoints />
              <MethodPoint vc="3" uspid="231" ordinal="0" offset="0" />
            </Method>
          </Methods>
        </Class>
        <Class>
          <Summary numSequencePoints="2" visitedSequencePoints="2" numBranchPoints="2" visitedBranchPoints="2" sequenceCoverage="100" branchCoverage="100" maxCyclomaticComplexity="1" minCyclomaticComplexity="1" />
          <FullName>Artportalen.Ap2Client/&lt;&gt;c__DisplayClass2</FullName>
          <Methods>
            <Method visited="true" cyclomaticComplexity="1" sequenceCoverage="0" branchCoverage="0" isConstructor="true" isStatic="false" isGetter="false" isSetter="false">
              <Summary numSequencePoints="0" visitedSequencePoints="0" numBranchPoints="0" visitedBranchPoints="0" sequenceCoverage="0" branchCoverage="0" maxCyclomaticComplexity="1" minCyclomaticComplexity="1" />
              <MetadataToken>100663597</MetadataToken>
              <Name>System.Void Artportalen.Ap2Client/&lt;&gt;c__DisplayClass2::.ctor()</Name>
              <SequencePoints />
              <BranchPoints />
              <MethodPoint vc="3" uspid="232" ordinal="0" offset="0" />
            </Method>
            <Method visited="true" cyclomaticComplexity="1" sequenceCoverage="100" branchCoverage="100" isConstructor="false" isStatic="false" isGetter="false" isSetter="false">
              <Summary numSequencePoints="1" visitedSequencePoints="1" numBranchPoints="1" visitedBranchPoints="1" sequenceCoverage="100" branchCoverage="100" maxCyclomaticComplexity="1" minCyclomaticComplexity="1" />
              <MetadataToken>100663598</MetadataToken>
              <Name>System.Boolean Artportalen.Ap2Client/&lt;&gt;c__DisplayClass2::&lt;GetQueryString&gt;b__0(System.Reflection.PropertyInfo)</Name>
              <FileRef uid="2" />
              <SequencePoints>
                <SequencePoint vc="45" uspid="233" ordinal="0" offset="0" sl="298" sc="36" el="298" ec="65" bec="0" bev="0" fileid="2" />
              </SequencePoints>
              <BranchPoints />
              <MethodPoint xsi:type="SequencePoint" vc="45" uspid="233" ordinal="0" offset="0" sl="298" sc="36" el="298" ec="65" bec="0" bev="0" fileid="2" />
            </Method>
            <Method visited="true" cyclomaticComplexity="1" sequenceCoverage="100" branchCoverage="100" isConstructor="false" isStatic="false" isGetter="false" isSetter="false">
              <Summary numSequencePoints="1" visitedSequencePoints="1" numBranchPoints="1" visitedBranchPoints="1" sequenceCoverage="100" branchCoverage="100" maxCyclomaticComplexity="1" minCyclomaticComplexity="1" />
              <MetadataToken>100663599</MetadataToken>
              <Name>System.String Artportalen.Ap2Client/&lt;&gt;c__DisplayClass2::&lt;GetQueryString&gt;b__1(System.Reflection.PropertyInfo)</Name>
              <FileRef uid="2" />
              <SequencePoints>
                <SequencePoint vc="7" uspid="234" ordinal="0" offset="0" sl="299" sc="37" el="299" ec="107" bec="0" bev="0" fileid="2" />
              </SequencePoints>
              <BranchPoints />
              <MethodPoint xsi:type="SequencePoint" vc="7" uspid="234" ordinal="0" offset="0" sl="299" sc="37" el="299" ec="107" bec="0" bev="0" fileid="2" />
            </Method>
          </Methods>
        </Class>
        <Class>
          <Summary numSequencePoints="7" visitedSequencePoints="0" numBranchPoints="4" visitedBranchPoints="0" sequenceCoverage="0" branchCoverage="0" maxCyclomaticComplexity="2" minCyclomaticComplexity="1" />
          <FullName>Artportalen.Helpers.CacheAuthTokenRepository</FullName>
          <Methods>
            <Method visited="false" cyclomaticComplexity="2" sequenceCoverage="0" branchCoverage="0" isConstructor="false" isStatic="false" isGetter="false" isSetter="false">
              <Summary numSequencePoints="4" visitedSequencePoints="0" numBranchPoints="3" visitedBranchPoints="0" sequenceCoverage="0" branchCoverage="0" maxCyclomaticComplexity="2" minCyclomaticComplexity="2" />
              <MetadataToken>100663328</MetadataToken>
              <Name>Artportalen.Response.AuthorizeToken Artportalen.Helpers.CacheAuthTokenRepository::Get(System.String)</Name>
              <FileRef uid="4" />
              <SequencePoints>
                <SequencePoint vc="0" uspid="235" ordinal="0" offset="0" sl="10" sc="9" el="10" ec="10" bec="0" bev="0" fileid="4" />
                <SequencePoint vc="0" uspid="236" ordinal="1" offset="1" sl="11" sc="13" el="11" ec="86" bec="0" bev="0" fileid="4" />
                <SequencePoint vc="0" uspid="237" ordinal="2" offset="28" sl="12" sc="13" el="12" ec="50" bec="2" bev="0" fileid="4" />
                <SequencePoint vc="0" uspid="238" ordinal="3" offset="41" sl="13" sc="9" el="13" ec="10" bec="0" bev="0" fileid="4" />
              </SequencePoints>
              <BranchPoints>
                <BranchPoint vc="0" uspid="239" ordinal="0" offset="30" sl="12" path="0" offsetend="32" fileid="4" />
                <BranchPoint vc="0" uspid="240" ordinal="1" offset="30" sl="12" path="1" offsetend="38" fileid="4" />
              </BranchPoints>
              <MethodPoint xsi:type="SequencePoint" vc="0" uspid="235" ordinal="0" offset="0" sl="10" sc="9" el="10" ec="10" bec="0" bev="0" fileid="4" />
            </Method>
            <Method visited="false" cyclomaticComplexity="1" sequenceCoverage="0" branchCoverage="0" isConstructor="false" isStatic="false" isGetter="false" isSetter="false">
              <Summary numSequencePoints="3" visitedSequencePoints="0" numBranchPoints="1" visitedBranchPoints="0" sequenceCoverage="0" branchCoverage="0" maxCyclomaticComplexity="1" minCyclomaticComplexity="1" />
              <MetadataToken>100663329</MetadataToken>
              <Name>System.Void Artportalen.Helpers.CacheAuthTokenRepository::Save(System.String,Artportalen.Response.AuthorizeToken)</Name>
              <FileRef uid="4" />
              <SequencePoints>
                <SequencePoint vc="0" uspid="241" ordinal="0" offset="0" sl="16" sc="9" el="16" ec="10" bec="0" bev="0" fileid="4" />
                <SequencePoint vc="0" uspid="242" ordinal="1" offset="1" sl="17" sc="13" el="17" ec="64" bec="0" bev="0" fileid="4" />
                <SequencePoint vc="0" uspid="243" ordinal="2" offset="24" sl="18" sc="9" el="18" ec="10" bec="0" bev="0" fileid="4" />
              </SequencePoints>
              <BranchPoints />
              <MethodPoint xsi:type="SequencePoint" vc="0" uspid="241" ordinal="0" offset="0" sl="16" sc="9" el="16" ec="10" bec="0" bev="0" fileid="4" />
            </Method>
            <Method visited="false" cyclomaticComplexity="1" sequenceCoverage="0" branchCoverage="0" isConstructor="true" isStatic="false" isGetter="false" isSetter="false">
              <Summary numSequencePoints="0" visitedSequencePoints="0" numBranchPoints="0" visitedBranchPoints="0" sequenceCoverage="0" branchCoverage="0" maxCyclomaticComplexity="1" minCyclomaticComplexity="1" />
              <MetadataToken>100663330</MetadataToken>
              <Name>System.Void Artportalen.Helpers.CacheAuthTokenRepository::.ctor()</Name>
              <SequencePoints />
              <BranchPoints />
              <MethodPoint vc="0" uspid="244" ordinal="0" offset="0" />
            </Method>
          </Methods>
        </Class>
        <Class>
          <Summary numSequencePoints="0" visitedSequencePoints="0" numBranchPoints="0" visitedBranchPoints="0" sequenceCoverage="0" branchCoverage="0" maxCyclomaticComplexity="1" minCyclomaticComplexity="1" />
          <FullName>Artportalen.Request.SightingsQuery</FullName>
          <Methods>
            <Method visited="true" cyclomaticComplexity="1" sequenceCoverage="0" branchCoverage="0" isConstructor="false" isStatic="false" isGetter="true" isSetter="false">
              <Summary numSequencePoints="0" visitedSequencePoints="0" numBranchPoints="0" visitedBranchPoints="0" sequenceCoverage="0" branchCoverage="0" maxCyclomaticComplexity="1" minCyclomaticComplexity="1" />
              <MetadataToken>100663331</MetadataToken>
              <Name>System.String Artportalen.Request.SightingsQuery::get_SpeciesGroupId()</Name>
              <SequencePoints />
              <BranchPoints />
              <MethodPoint vc="3" uspid="245" ordinal="0" offset="0" />
            </Method>
            <Method visited="false" cyclomaticComplexity="1" sequenceCoverage="0" branchCoverage="0" isConstructor="false" isStatic="false" isGetter="false" isSetter="true">
              <Summary numSequencePoints="0" visitedSequencePoints="0" numBranchPoints="0" visitedBranchPoints="0" sequenceCoverage="0" branchCoverage="0" maxCyclomaticComplexity="1" minCyclomaticComplexity="1" />
              <MetadataToken>100663332</MetadataToken>
              <Name>System.Void Artportalen.Request.SightingsQuery::set_SpeciesGroupId(System.String)</Name>
              <SequencePoints />
              <BranchPoints />
              <MethodPoint vc="0" uspid="246" ordinal="0" offset="0" />
            </Method>
            <Method visited="true" cyclomaticComplexity="1" sequenceCoverage="0" branchCoverage="0" isConstructor="false" isStatic="false" isGetter="true" isSetter="false">
              <Summary numSequencePoints="0" visitedSequencePoints="0" numBranchPoints="0" visitedBranchPoints="0" sequenceCoverage="0" branchCoverage="0" maxCyclomaticComplexity="1" minCyclomaticComplexity="1" />
              <MetadataToken>100663333</MetadataToken>
              <Name>System.Nullable`1&lt;System.Int32&gt; Artportalen.Request.SightingsQuery::get_TaxonId()</Name>
              <SequencePoints />
              <BranchPoints />
              <MethodPoint vc="6" uspid="247" ordinal="0" offset="0" />
            </Method>
            <Method visited="true" cyclomaticComplexity="1" sequenceCoverage="0" branchCoverage="0" isConstructor="false" isStatic="false" isGetter="false" isSetter="true">
              <Summary numSequencePoints="0" visitedSequencePoints="0" numBranchPoints="0" visitedBranchPoints="0" sequenceCoverage="0" branchCoverage="0" maxCyclomaticComplexity="1" minCyclomaticComplexity="1" />
              <MetadataToken>100663334</MetadataToken>
              <Name>System.Void Artportalen.Request.SightingsQuery::set_TaxonId(System.Nullable`1&lt;System.Int32&gt;)</Name>
              <SequencePoints />
              <BranchPoints />
              <MethodPoint vc="3" uspid="248" ordinal="0" offset="0" />
            </Method>
            <Method visited="true" cyclomaticComplexity="1" sequenceCoverage="0" branchCoverage="0" isConstructor="false" isStatic="false" isGetter="true" isSetter="false">
              <Summary numSequencePoints="0" visitedSequencePoints="0" numBranchPoints="0" visitedBranchPoints="0" sequenceCoverage="0" branchCoverage="0" maxCyclomaticComplexity="1" minCyclomaticComplexity="1" />
              <MetadataToken>100663335</MetadataToken>
              <Name>System.String Artportalen.Request.SightingsQuery::get_DateFrom()</Name>
              <SequencePoints />
              <BranchPoints />
              <MethodPoint vc="3" uspid="249" ordinal="0" offset="0" />
            </Method>
            <Method visited="false" cyclomaticComplexity="1" sequenceCoverage="0" branchCoverage="0" isConstructor="false" isStatic="false" isGetter="false" isSetter="true">
              <Summary numSequencePoints="0" visitedSequencePoints="0" numBranchPoints="0" visitedBranchPoints="0" sequenceCoverage="0" branchCoverage="0" maxCyclomaticComplexity="1" minCyclomaticComplexity="1" />
              <MetadataToken>100663336</MetadataToken>
              <Name>System.Void Artportalen.Request.SightingsQuery::set_DateFrom(System.String)</Name>
[...]
              <MetadataToken>100663571</MetadataToken>
              <Name>System.Boolean Artportalen.Response.Sighting::get_UnsureDetermination()</Name>
              <SequencePoints />
              <BranchPoints />
              <MethodPoint vc="0" uspid="522" ordinal="0" offset="0" />
            </Method>
            <Method visited="true" cyclomaticComplexity="1" sequenceCoverage="0" branchCoverage="0" isConstructor="false" isStatic="false" isGetter="false" isSetter="true">
              <Summary numSequencePoints="0" visitedSequencePoints="0" numBranchPoints="0" visitedBranchPoints="0" sequenceCoverage="0" branchCoverage="0" maxCyclomaticComplexity="1" minCyclomaticComplexity="1" />
              <MetadataToken>100663572</MetadataToken>
              <Name>System.Void Artportalen.Response.Sighting::set_UnsureDetermination(System.Boolean)</Name>
              <SequencePoints />
              <BranchPoints />
              <MethodPoint vc="82" uspid="523" ordinal="0" offset="0" />
            </Method>
            <Method visited="false" cyclomaticComplexity="1" sequenceCoverage="0" branchCoverage="0" isConstructor="false" isStatic="false" isGetter="true" isSetter="false">
              <Summary numSequencePoints="0" visitedSequencePoints="0" numBranchPoints="0" visitedBranchPoints="0" sequenceCoverage="0" branchCoverage="0" maxCyclomaticComplexity="1" minCyclomaticComplexity="1" />
              <MetadataToken>100663573</MetadataToken>
              <Name>System.Boolean Artportalen.Response.Sighting::get_NotRecovered()</Name>
              <SequencePoints />
              <BranchPoints />
              <MethodPoint vc="0" uspid="524" ordinal="0" offset="0" />
            </Method>
            <Method visited="true" cyclomaticComplexity="1" sequenceCoverage="0" branchCoverage="0" isConstructor="false" isStatic="false" isGetter="false" isSetter="true">
              <Summary numSequencePoints="0" visitedSequencePoints="0" numBranchPoints="0" visitedBranchPoints="0" sequenceCoverage="0" branchCoverage="0" maxCyclomaticComplexity="1" minCyclomaticComplexity="1" />
              <MetadataToken>100663574</MetadataToken>
              <Name>System.Void Artportalen.Response.Sighting::set_NotRecovered(System.Boolean)</Name>
              <SequencePoints />
              <BranchPoints />
              <MethodPoint vc="82" uspid="525" ordinal="0" offset="0" />
            </Method>
            <Method visited="false" cyclomaticComplexity="1" sequenceCoverage="0" branchCoverage="0" isConstructor="false" isStatic="false" isGetter="true" isSetter="false">
              <Summary numSequencePoints="0" visitedSequencePoints="0" numBranchPoints="0" visitedBranchPoints="0" sequenceCoverage="0" branchCoverage="0" maxCyclomaticComplexity="1" minCyclomaticComplexity="1" />
              <MetadataToken>100663575</MetadataToken>
              <Name>System.Nullable`1&lt;System.Int32&gt; Artportalen.Response.Sighting::get_MinDepth()</Name>
              <SequencePoints />
              <BranchPoints />
              <MethodPoint vc="0" uspid="526" ordinal="0" offset="0" />
            </Method>
            <Method visited="true" cyclomaticComplexity="1" sequenceCoverage="0" branchCoverage="0" isConstructor="false" isStatic="false" isGetter="false" isSetter="true">
              <Summary numSequencePoints="0" visitedSequencePoints="0" numBranchPoints="0" visitedBranchPoints="0" sequenceCoverage="0" branchCoverage="0" maxCyclomaticComplexity="1" minCyclomaticComplexity="1" />
              <MetadataToken>100663576</MetadataToken>
              <Name>System.Void Artportalen.Response.Sighting::set_MinDepth(System.Nullable`1&lt;System.Int32&gt;)</Name>
              <SequencePoints />
              <BranchPoints />
              <MethodPoint vc="82" uspid="527" ordinal="0" offset="0" />
            </Method>
            <Method visited="false" cyclomaticComplexity="1" sequenceCoverage="0" branchCoverage="0" isConstructor="false" isStatic="false" isGetter="true" isSetter="false">
              <Summary numSequencePoints="0" visitedSequencePoints="0" numBranchPoints="0" visitedBranchPoints="0" sequenceCoverage="0" branchCoverage="0" maxCyclomaticComplexity="1" minCyclomaticComplexity="1" />
              <MetadataToken>100663577</MetadataToken>
              <Name>System.Nullable`1&lt;System.Int32&gt; Artportalen.Response.Sighting::get_MaxDepth()</Name>
              <SequencePoints />
              <BranchPoints />
              <MethodPoint vc="0" uspid="528" ordinal="0" offset="0" />
            </Method>
            <Method visited="true" cyclomaticComplexity="1" sequenceCoverage="0" branchCoverage="0" isConstructor="false" isStatic="false" isGetter="false" isSetter="true">
              <Summary numSequencePoints="0" visitedSequencePoints="0" numBranchPoints="0" visitedBranchPoints="0" sequenceCoverage="0" branchCoverage="0" maxCyclomaticComplexity="1" minCyclomaticComplexity="1" />
              <MetadataToken>100663578</MetadataToken>
              <Name>System.Void Artportalen.Response.Sighting::set_MaxDepth(System.Nullable`1&lt;System.Int32&gt;)</Name>
              <SequencePoints />
              <BranchPoints />
              <MethodPoint vc="82" uspid="529" ordinal="0" offset="0" />
            </Method>
            <Method visited="false" cyclomaticComplexity="1" sequenceCoverage="0" branchCoverage="0" isConstructor="false" isStatic="false" isGetter="true" isSetter="false">
              <Summary numSequencePoints="0" visitedSequencePoints="0" numBranchPoints="0" visitedBranchPoints="0" sequenceCoverage="0" branchCoverage="0" maxCyclomaticComplexity="1" minCyclomaticComplexity="1" />
              <MetadataToken>100663579</MetadataToken>
              <Name>System.Nullable`1&lt;System.Int32&gt; Artportalen.Response.Sighting::get_MinHeight()</Name>
              <SequencePoints />
              <BranchPoints />
              <MethodPoint vc="0" uspid="530" ordinal="0" offset="0" />
            </Method>
            <Method visited="true" cyclomaticComplexity="1" sequenceCoverage="0" branchCoverage="0" isConstructor="false" isStatic="false" isGetter="false" isSetter="true">
              <Summary numSequencePoints="0" visitedSequencePoints="0" numBranchPoints="0" visitedBranchPoints="0" sequenceCoverage="0" branchCoverage="0" maxCyclomaticComplexity="1" minCyclomaticComplexity="1" />
              <MetadataToken>100663580</MetadataToken>
              <Name>System.Void Artportalen.Response.Sighting::set_MinHeight(System.Nullable`1&lt;System.Int32&gt;)</Name>
              <SequencePoints />
              <BranchPoints />
              <MethodPoint vc="82" uspid="531" ordinal="0" offset="0" />
            </Method>
            <Method visited="false" cyclomaticComplexity="1" sequenceCoverage="0" branchCoverage="0" isConstructor="false" isStatic="false" isGetter="true" isSetter="false">
              <Summary numSequencePoints="0" visitedSequencePoints="0" numBranchPoints="0" visitedBranchPoints="0" sequenceCoverage="0" branchCoverage="0" maxCyclomaticComplexity="1" minCyclomaticComplexity="1" />
              <MetadataToken>100663581</MetadataToken>
              <Name>System.Nullable`1&lt;System.Int32&gt; Artportalen.Response.Sighting::get_MaxHeight()</Name>
              <SequencePoints />
              <BranchPoints />
              <MethodPoint vc="0" uspid="532" ordinal="0" offset="0" />
            </Method>
            <Method visited="true" cyclomaticComplexity="1" sequenceCoverage="0" branchCoverage="0" isConstructor="false" isStatic="false" isGetter="false" isSetter="true">
              <Summary numSequencePoints="0" visitedSequencePoints="0" numBranchPoints="0" visitedBranchPoints="0" sequenceCoverage="0" branchCoverage="0" maxCyclomaticComplexity="1" minCyclomaticComplexity="1" />
              <MetadataToken>100663582</MetadataToken>
              <Name>System.Void Artportalen.Response.Sighting::set_MaxHeight(System.Nullable`1&lt;System.Int32&gt;)</Name>
              <SequencePoints />
              <BranchPoints />
              <MethodPoint vc="82" uspid="533" ordinal="0" offset="0" />
            </Method>
            <Method visited="false" cyclomaticComplexity="1" sequenceCoverage="0" branchCoverage="0" isConstructor="false" isStatic="false" isGetter="true" isSetter="false">
              <Summary numSequencePoints="0" visitedSequencePoints="0" numBranchPoints="0" visitedBranchPoints="0" sequenceCoverage="0" branchCoverage="0" maxCyclomaticComplexity="1" minCyclomaticComplexity="1" />
              <MetadataToken>100663583</MetadataToken>
              <Name>System.String Artportalen.Response.Sighting::get_PublicComment()</Name>
              <SequencePoints />
              <BranchPoints />
              <MethodPoint vc="0" uspid="534" ordinal="0" offset="0" />
            </Method>
            <Method visited="true" cyclomaticComplexity="1" sequenceCoverage="0" branchCoverage="0" isConstructor="false" isStatic="false" isGetter="false" isSetter="true">
              <Summary numSequencePoints="0" visitedSequencePoints="0" numBranchPoints="0" visitedBranchPoints="0" sequenceCoverage="0" branchCoverage="0" maxCyclomaticComplexity="1" minCyclomaticComplexity="1" />
              <MetadataToken>100663584</MetadataToken>
              <Name>System.Void Artportalen.Response.Sighting::set_PublicComment(System.String)</Name>
              <SequencePoints />
              <BranchPoints />
              <MethodPoint vc="82" uspid="535" ordinal="0" offset="0" />
            </Method>
            <Method visited="true" cyclomaticComplexity="1" sequenceCoverage="0" branchCoverage="0" isConstructor="true" isStatic="false" isGetter="false" isSetter="false">
              <Summary numSequencePoints="0" visitedSequencePoints="0" numBranchPoints="0" visitedBranchPoints="0" sequenceCoverage="0" branchCoverage="0" maxCyclomaticComplexity="1" minCyclomaticComplexity="1" />
              <MetadataToken>100663585</MetadataToken>
              <Name>System.Void Artportalen.Response.Sighting::.ctor()</Name>
              <SequencePoints />
              <BranchPoints />
              <MethodPoint vc="82" uspid="536" ordinal="0" offset="0" />
            </Method>
          </Methods>
        </Class>
        <Class>
          <Summary numSequencePoints="0" visitedSequencePoints="0" numBranchPoints="0" visitedBranchPoints="0" sequenceCoverage="0" branchCoverage="0" maxCyclomaticComplexity="1" minCyclomaticComplexity="1" />
          <FullName>Artportalen.Response.SpeciesGroup</FullName>
          <Methods>
            <Method visited="false" cyclomaticComplexity="1" sequenceCoverage="0" branchCoverage="0" isConstructor="false" isStatic="false" isGetter="true" isSetter="false">
              <Summary numSequencePoints="0" visitedSequencePoints="0" numBranchPoints="0" visitedBranchPoints="0" sequenceCoverage="0" branchCoverage="0" maxCyclomaticComplexity="1" minCyclomaticComplexity="1" />
              <MetadataToken>100663586</MetadataToken>
              <Name>System.Int32 Artportalen.Response.SpeciesGroup::get_Id()</Name>
              <SequencePoints />
              <BranchPoints />
              <MethodPoint vc="0" uspid="537" ordinal="0" offset="0" />
            </Method>
            <Method visited="false" cyclomaticComplexity="1" sequenceCoverage="0" branchCoverage="0" isConstructor="false" isStatic="false" isGetter="false" isSetter="true">
              <Summary numSequencePoints="0" visitedSequencePoints="0" numBranchPoints="0" visitedBranchPoints="0" sequenceCoverage="0" branchCoverage="0" maxCyclomaticComplexity="1" minCyclomaticComplexity="1" />
              <MetadataToken>100663587</MetadataToken>
              <Name>System.Void Artportalen.Response.SpeciesGroup::set_Id(System.Int32)</Name>
              <SequencePoints />
              <BranchPoints />
              <MethodPoint vc="0" uspid="538" ordinal="0" offset="0" />
            </Method>
            <Method visited="false" cyclomaticComplexity="1" sequenceCoverage="0" branchCoverage="0" isConstructor="false" isStatic="false" isGetter="true" isSetter="false">
              <Summary numSequencePoints="0" visitedSequencePoints="0" numBranchPoints="0" visitedBranchPoints="0" sequenceCoverage="0" branchCoverage="0" maxCyclomaticComplexity="1" minCyclomaticComplexity="1" />
              <MetadataToken>100663588</MetadataToken>
              <Name>System.String Artportalen.Response.SpeciesGroup::get_Label()</Name>
              <SequencePoints />
              <BranchPoints />
              <MethodPoint vc="0" uspid="539" ordinal="0" offset="0" />
            </Method>
            <Method visited="false" cyclomaticComplexity="1" sequenceCoverage="0" branchCoverage="0" isConstructor="false" isStatic="false" isGetter="false" isSetter="true">
              <Summary numSequencePoints="0" visitedSequencePoints="0" numBranchPoints="0" visitedBranchPoints="0" sequenceCoverage="0" branchCoverage="0" maxCyclomaticComplexity="1" minCyclomaticComplexity="1" />
              <MetadataToken>100663589</MetadataToken>
              <Name>System.Void Artportalen.Response.SpeciesGroup::set_Label(System.String)</Name>
              <SequencePoints />
              <BranchPoints />
              <MethodPoint vc="0" uspid="540" ordinal="0" offset="0" />
            </Method>
            <Method visited="false" cyclomaticComplexity="1" sequenceCoverage="0" branchCoverage="0" isConstructor="true" isStatic="false" isGetter="false" isSetter="false">
              <Summary numSequencePoints="0" visitedSequencePoints="0" numBranchPoints="0" visitedBranchPoints="0" sequenceCoverage="0" branchCoverage="0" maxCyclomaticComplexity="1" minCyclomaticComplexity="1" />
              <MetadataToken>100663590</MetadataToken>
              <Name>System.Void Artportalen.Response.SpeciesGroup::.ctor()</Name>
              <SequencePoints />
              <BranchPoints />
              <MethodPoint vc="0" uspid="541" ordinal="0" offset="0" />
            </Method>
          </Methods>
        </Class>
        <Class>
          <Summary numSequencePoints="0" visitedSequencePoints="0" numBranchPoints="0" visitedBranchPoints="0" sequenceCoverage="0" branchCoverage="0" maxCyclomaticComplexity="3" minCyclomaticComplexity="1" />
          <FullName>&lt;&gt;f__AnonymousType0`2</FullName>
          <Methods>
            <Method visited="false" cyclomaticComplexity="1" sequenceCoverage="0" branchCoverage="0" isConstructor="false" isStatic="false" isGetter="true" isSetter="false">
              <Summary numSequencePoints="0" visitedSequencePoints="0" numBranchPoints="0" visitedBranchPoints="0" sequenceCoverage="0" branchCoverage="0" maxCyclomaticComplexity="1" minCyclomaticComplexity="1" />
              <MetadataToken>100663592</MetadataToken>
              <Name>&lt;speciesGroupId&gt;j__TPar &lt;&gt;f__AnonymousType0`2::get_speciesGroupId()</Name>
              <SequencePoints />
              <BranchPoints />
              <MethodPoint vc="0" uspid="542" ordinal="0" offset="0" />
            </Method>
            <Method visited="false" cyclomaticComplexity="1" sequenceCoverage="0" branchCoverage="0" isConstructor="false" isStatic="false" isGetter="true" isSetter="false">
              <Summary numSequencePoints="0" visitedSequencePoints="0" numBranchPoints="0" visitedBranchPoints="0" sequenceCoverage="0" branchCoverage="0" maxCyclomaticComplexity="1" minCyclomaticComplexity="1" />
              <MetadataToken>100663593</MetadataToken>
              <Name>&lt;count&gt;j__TPar &lt;&gt;f__AnonymousType0`2::get_count()</Name>
              <SequencePoints />
              <BranchPoints />
              <MethodPoint vc="0" uspid="543" ordinal="0" offset="0" />
            </Method>
            <Method visited="false" cyclomaticComplexity="1" sequenceCoverage="0" branchCoverage="0" isConstructor="true" isStatic="false" isGetter="false" isSetter="false">
              <Summary numSequencePoints="0" visitedSequencePoints="0" numBranchPoints="0" visitedBranchPoints="0" sequenceCoverage="0" branchCoverage="0" maxCyclomaticComplexity="1" minCyclomaticComplexity="1" />
              <MetadataToken>100663591</MetadataToken>
              <Name>System.Void &lt;&gt;f__AnonymousType0`2::.ctor(&lt;speciesGroupId&gt;j__TPar,&lt;count&gt;j__TPar)</Name>
              <SequencePoints />
              <BranchPoints />
              <MethodPoint vc="0" uspid="544" ordinal="0" offset="0" />
            </Method>
            <Method visited="false" cyclomaticComplexity="1" sequenceCoverage="0" branchCoverage="0" isConstructor="false" isStatic="false" isGetter="false" isSetter="false">
              <Summary numSequencePoints="0" visitedSequencePoints="0" numBranchPoints="0" visitedBranchPoints="0" sequenceCoverage="0" branchCoverage="0" maxCyclomaticComplexity="1" minCyclomaticComplexity="1" />
              <MetadataToken>100663594</MetadataToken>
              <Name>System.String &lt;&gt;f__AnonymousType0`2::ToString()</Name>
              <SequencePoints />
              <BranchPoints />
              <MethodPoint vc="0" uspid="545" ordinal="0" offset="0" />
            </Method>
            <Method visited="false" cyclomaticComplexity="3" sequenceCoverage="0" branchCoverage="0" isConstructor="false" isStatic="false" isGetter="false" isSetter="false">
              <Summary numSequencePoints="0" visitedSequencePoints="0" numBranchPoints="0" visitedBranchPoints="0" sequenceCoverage="0" branchCoverage="0" maxCyclomaticComplexity="3" minCyclomaticComplexity="3" />
              <MetadataToken>100663595</MetadataToken>
              <Name>System.Boolean &lt;&gt;f__AnonymousType0`2::Equals(System.Object)</Name>
              <SequencePoints />
              <BranchPoints />
              <MethodPoint vc="0" uspid="546" ordinal="0" offset="0" />
            </Method>
            <Method visited="false" cyclomaticComplexity="1" sequenceCoverage="0" branchCoverage="0" isConstructor="false" isStatic="false" isGetter="false" isSetter="false">
              <Summary numSequencePoints="0" visitedSequencePoints="0" numBranchPoints="0" visitedBranchPoints="0" sequenceCoverage="0" branchCoverage="0" maxCyclomaticComplexity="1" minCyclomaticComplexity="1" />
              <MetadataToken>100663596</MetadataToken>
              <Name>System.Int32 &lt;&gt;f__AnonymousType0`2::GetHashCode()</Name>
              <SequencePoints />
              <BranchPoints />
              <MethodPoint vc="0" uspid="547" ordinal="0" offset="0" />
            </Method>
          </Methods>
        </Class>
      </Classes>
    </Module>
    <Module skippedDueTo="Filter" hash="79-A8-94-78-12-5A-20-71-0A-77-F6-BF-44-4F-76-CD-EE-98-04-1B">
      <FullName>C:\Windows\Microsoft.Net\assembly\GAC_MSIL\System.Core\v4.0_4.0.0.0__b77a5c561934e089\System.Core.dll</FullName>
      <ModuleName>System.Core</ModuleName>
      <Classes />
    </Module>
    <Module skippedDueTo="Filter" hash="6A-3D-34-9A-E9-C1-1E-E1-93-4B-EF-A0-8E-B1-BE-DF-66-0F-0B-B8">
      <FullName>C:\Projects\GitHub\Artportalen\Artportalen.Tests\bin\Debug\System.Net.Http.Formatting.dll</FullName>
      <ModuleName>System.Net.Http.Formatting</ModuleName>
      <Classes />
    </Module>
    <Module skippedDueTo="Filter" hash="60-07-4C-8B-A3-27-59-0D-E2-26-27-53-5D-77-42-7F-56-18-82-5A">
      <FullName>C:\Windows\Microsoft.Net\assembly\GAC_MSIL\System.Web.Extensions\v4.0_4.0.0.0__31bf3856ad364e35\System.Web.Extensions.dll</FullName>
      <ModuleName>System.Web.Extensions</ModuleName>
      <Classes />
    </Module>
    <Module skippedDueTo="Filter" hash="95-50-78-76-0C-97-0A-A6-96-E2-68-E8-BD-4F-78-F1-1C-21-CA-10">
      <FullName>C:\Windows\Microsoft.Net\assembly\GAC_32\System.Web\v4.0_4.0.0.0__b03f5f7f11d50a3a\System.Web.dll</FullName>
      <ModuleName>System.Web</ModuleName>
      <Classes />
    </Module>
  </Modules>
</CoverageSession>